Using pre-set license
Built from '2022.3/release' branch; Version is '2022.3.18f1 (d29bea25151d) revision 13802474'; Using compiler version '192829333'; Build Type 'Release'
OS: 'Windows 11  (10.0.22631) 64bit Education' Language: 'fi' Physical Memory: 6990 MB
BatchMode: 1, IsHumanControllingUs: 0, StartBugReporterOnCrash: 0, Is64bit: 1, IsPro: 1

COMMAND LINE ARGUMENTS:
C:\Program Files\Unity\Hub\Editor\2022.3.18f1\Editor\Unity.exe
-adb2
-batchMode
-noUpm
-name
AssetImportWorker11
-projectPath
C:/Users/gr289381/OneDrive/Documents/moi/gamee/game
-logFile
Logs/AssetImportWorker11.log
-srvPort
63445
Successfully changed project path to: C:/Users/gr289381/OneDrive/Documents/moi/gamee/game
C:/Users/gr289381/OneDrive/Documents/moi/gamee/game
[UnityMemory] Configuration Parameters - Can be set up in boot.config
    "memorysetup-bucket-allocator-granularity=16"
    "memorysetup-bucket-allocator-bucket-count=8"
    "memorysetup-bucket-allocator-block-size=33554432"
    "memorysetup-bucket-allocator-block-count=8"
    "memorysetup-main-allocator-block-size=16777216"
    "memorysetup-thread-allocator-block-size=16777216"
    "memorysetup-gfx-main-allocator-block-size=16777216"
    "memorysetup-gfx-thread-allocator-block-size=16777216"
    "memorysetup-cache-allocator-block-size=4194304"
    "memorysetup-typetree-allocator-block-size=2097152"
    "memorysetup-profiler-bucket-allocator-granularity=16"
    "memorysetup-profiler-bucket-allocator-bucket-count=8"
    "memorysetup-profiler-bucket-allocator-block-size=33554432"
    "memorysetup-profiler-bucket-allocator-block-count=8"
    "memorysetup-profiler-allocator-block-size=16777216"
    "memorysetup-profiler-editor-allocator-block-size=1048576"
    "memorysetup-temp-allocator-size-main=16777216"
    "memorysetup-job-temp-allocator-block-size=2097152"
    "memorysetup-job-temp-allocator-block-size-background=1048576"
    "memorysetup-job-temp-allocator-reduction-small-platforms=262144"
    "memorysetup-allocator-temp-initial-block-size-main=262144"
    "memorysetup-allocator-temp-initial-block-size-worker=262144"
    "memorysetup-temp-allocator-size-background-worker=32768"
    "memorysetup-temp-allocator-size-job-worker=262144"
    "memorysetup-temp-allocator-size-preload-manager=33554432"
    "memorysetup-temp-allocator-size-nav-mesh-worker=65536"
    "memorysetup-temp-allocator-size-audio-worker=65536"
    "memorysetup-temp-allocator-size-cloud-worker=32768"
    "memorysetup-temp-allocator-size-gi-baking-worker=262144"
    "memorysetup-temp-allocator-size-gfx=262144"
Player connection [18656] Host "[IP] 192.168.0.10 [Port] 0 [Flags] 2 [Guid] 2210847611 [EditorId] 2210847611 [Version] 1048832 [Id] WindowsEditor(7,GR-173335) [Debug] 1 [PackageName] WindowsEditor [ProjectName] Editor" joined multi-casting on [225.0.0.222:54997]...

Player connection [18656] Host "[IP] 192.168.0.10 [Port] 0 [Flags] 2 [Guid] 2210847611 [EditorId] 2210847611 [Version] 1048832 [Id] WindowsEditor(7,GR-173335) [Debug] 1 [PackageName] WindowsEditor [ProjectName] Editor" joined alternative multi-casting on [225.0.0.222:34997]...

[Physics::Module] Initialized MultithreadedJobDispatcher with 7 workers.
Refreshing native plugins compatible for Editor in 44.87 ms, found 3 plugins.
Preloading 0 native plugins for Editor in 0.00 ms.
Initialize engine version: 2022.3.18f1 (d29bea25151d)
[Subsystems] Discovering subsystems at path C:/Program Files/Unity/Hub/Editor/2022.3.18f1/Editor/Data/Resources/UnitySubsystems
[Subsystems] Discovering subsystems at path C:/Users/gr289381/OneDrive/Documents/moi/gamee/game/Assets
GfxDevice: creating device client; threaded=0; jobified=0
Direct3D:
    Version:  Direct3D 11.0 [level 11.1]
    Renderer: AMD Radeon (TM) Graphics (ID=0x15e7)
    Vendor:   ATI
    VRAM:     3495 MB
    Driver:   31.0.21024.5005
Initialize mono
Mono path[0] = 'C:/Program Files/Unity/Hub/Editor/2022.3.18f1/Editor/Data/Managed'
Mono path[1] = 'C:/Program Files/Unity/Hub/Editor/2022.3.18f1/Editor/Data/MonoBleedingEdge/lib/mono/unityjit-win32'
Mono config path = 'C:/Program Files/Unity/Hub/Editor/2022.3.18f1/Editor/Data/MonoBleedingEdge/etc'
Using monoOptions --debugger-agent=transport=dt_socket,embedding=1,server=y,suspend=n,address=127.0.0.1:56232
Begin MonoManager ReloadAssembly
Registering precompiled unity dll's ...
Register platform support module: C:/Program Files/Unity/Hub/Editor/2022.3.18f1/Editor/Data/PlaybackEngines/WindowsStandaloneSupport/UnityEditor.WindowsStandalone.Extensions.dll
Registered in 0.013628 seconds.
- Loaded All Assemblies, in  0.658 seconds
Native extension for WindowsStandalone target not found
Mono: successfully reloaded assembly
- Finished resetting the current domain, in  0.409 seconds
Domain Reload Profiling: 1066ms
	BeginReloadAssembly (253ms)
		ExecutionOrderSort (0ms)
		DisableScriptedObjects (0ms)
		BackupInstance (0ms)
		ReleaseScriptingObjects (0ms)
		CreateAndSetChildDomain (1ms)
	RebuildCommonClasses (53ms)
	RebuildNativeTypeToScriptingClass (17ms)
	initialDomainReloadingComplete (99ms)
	LoadAllAssembliesAndSetupDomain (233ms)
		LoadAssemblies (248ms)
		RebuildTransferFunctionScriptingTraits (0ms)
		AnalyzeDomain (230ms)
			TypeCache.Refresh (227ms)
				TypeCache.ScanAssembly (204ms)
			ScanForSourceGeneratedMonoScriptInfo (1ms)
			ResolveRequiredComponents (1ms)
	FinalizeReload (410ms)
		ReleaseScriptCaches (0ms)
		RebuildScriptCaches (0ms)
		SetupLoadedEditorAssemblies (326ms)
			LogAssemblyErrors (0ms)
			InitializePlatformSupportModulesInManaged (11ms)
			SetLoadedEditorAssemblies (10ms)
			RefreshPlugins (0ms)
			BeforeProcessingInitializeOnLoad (3ms)
			ProcessInitializeOnLoadAttributes (220ms)
			ProcessInitializeOnLoadMethodAttributes (81ms)
			AfterProcessingInitializeOnLoad (0ms)
			EditorAssembliesLoaded (0ms)
		ExecutionOrderSort2 (0ms)
		AwakeInstancesAfterBackupRestoration (0ms)
========================================================================
Worker process is ready to serve import requests
Begin MonoManager ReloadAssembly
Could not allocate 8192 bytes
Crash!!!
  ERROR: Error while initializing dbghelp.dll, GetLastError: 'Toiminto suoritettiin.' (Address: 0000000000000000)

========== OUTPUTTING STACK TRACE ==================

SymInit: Symbol-SearchPath: 'C:/Program Files/Unity/Hub/Editor/2022.3.18f1/Editor/Data/Mono;.;C:\Users\gr289381\OneDrive\Documents\moi\gamee\game;C:\Users\gr289381\OneDrive\Documents\moi\gamee\game\Library\BurstCache\JIT;C:\Program Files\Unity\Hub\Editor\2022.3.18f1\Editor;C:\Windows;C:\Windows\system32;', symOptions: 534, UserName: 'gr289381'
OS-Version: 10.0.0
C:\Program Files\Unity\Hub\Editor\2022.3.18f1\Editor\Unity.exe:Unity.exe (00007FF615E30000), size: 82329600 (result: 0), SymType: '-deferred-', PDB: '', fileVersion: 2022.3.18.39914
C:\Windows\SYSTEM32\ntdll.dll:ntdll.dll (00007FFD059B0000), size: 2195456 (result: 0), SymType: '-deferred-', PDB: '', fileVersion: 10.0.22621.6345
C:\Windows\System32\KERNEL32.DLL:KERNEL32.DLL (00007FFD04B90000), size: 802816 (result: 0), SymType: '-deferred-', PDB: '', fileVersion: 10.0.22621.5415
C:\Windows\System32\KERNELBASE.dll:KERNELBASE.dll (00007FFD02E50000), size: 3960832 (result: 0), SymType: '-deferred-', PDB: '', fileVersion: 10.0.22621.6274
C:\Windows\System32\CRYPT32.dll:CRYPT32.dll (00007FFD02AD0000), size: 1474560 (result: 0), SymType: '-deferred-', PDB: '', fileVersion: 10.0.22621.5983
C:\Windows\System32\ucrtbase.dll:ucrtbase.dll (00007FFD03530000), size: 1118208 (result: 0), SymType: '-deferred-', PDB: '', fileVersion: 10.0.22621.3593
C:\Windows\System32\USER32.dll:USER32.dll (00007FFD05520000), size: 1777664 (result: 0), SymType: '-deferred-', PDB: '', fileVersion: 10.0.22621.6199
C:\Windows\System32\win32u.dll:win32u.dll (00007FFD02C40000), size: 155648 (result: 0), SymType: '-deferred-', PDB: '', fileVersion: 10.0.22621.6345
C:\Windows\System32\GDI32.dll:GDI32.dll (00007FFD04F70000), size: 167936 (result: 0), SymType: '-deferred-', PDB: '', fileVersion: 10.0.22621.5697
C:\Windows\System32\gdi32full.dll:gdi32full.dll (00007FFD032D0000), size: 1159168 (result: 0), SymType: '-deferred-', PDB: '', fileVersion: 10.0.22621.6133
C:\Program Files\Unity\Hub\Editor\2022.3.18f1\Editor\s3tcompress.dll:s3tcompress.dll (00007FFCFF7C0000), size: 180224 (result: 0), SymType: '-deferred-', PDB: ''
C:\Windows\System32\msvcp_win.dll:msvcp_win.dll (00007FFD02D30000), size: 630784 (result: 0), SymType: '-deferred-', PDB: '', fileVersion: 10.0.22621.3374
C:\Program Files\Unity\Hub\Editor\2022.3.18f1\Editor\etccompress.dll:etccompress.dll (00007FFC23080000), size: 5066752 (result: 0), SymType: '-deferred-', PDB: ''
C:\Program Files\Unity\Hub\Editor\2022.3.18f1\Editor\libfbxsdk.dll:libfbxsdk.dll (00007FFCD4580000), size: 10067968 (result: 0), SymType: '-deferred-', PDB: '', fileVersion: 2020.3.3.0
C:\Program Files\Unity\Hub\Editor\2022.3.18f1\Editor\ispc_texcomp.dll:ispc_texcomp.dll (00007FFCD43C0000), size: 1826816 (result: 0), SymType: '-deferred-', PDB: ''
C:\Program Files\Unity\Hub\Editor\2022.3.18f1\Editor\compress_bc7e.dll:compress_bc7e.dll (00007FFCD1170000), size: 1433600 (result: 0), SymType: '-deferred-', PDB: ''
C:\Program Files\Unity\Hub\Editor\2022.3.18f1\Editor\FreeImage.dll:FreeImage.dll (0000000180000000), size: 6582272 (result: 0), SymType: '-deferred-', PDB: '', fileVersion: 3.18.0.0
C:\Windows\System32\ADVAPI32.dll:ADVAPI32.dll (00007FFD05830000), size: 724992 (result: 0), SymType: '-deferred-', PDB: '', fileVersion: 10.0.22621.5909
C:\Windows\System32\msvcrt.dll:msvcrt.dll (00007FFD04C60000), size: 684032 (result: 0), SymType: '-deferred-', PDB: '', fileVersion: 7.0.22621.2506
C:\Program Files\Unity\Hub\Editor\2022.3.18f1\Editor\WinPixEventRuntime.dll:WinPixEventRuntime.dll (00007FFCFF7F0000), size: 45056 (result: 0), SymType: '-deferred-', PDB: '', fileVersion: 1.0.1812.6001
C:\Windows\System32\sechost.dll:sechost.dll (00007FFD04FF0000), size: 688128 (result: 0), SymType: '-deferred-', PDB: '', fileVersion: 10.0.22621.5909
C:\Windows\System32\bcrypt.dll:bcrypt.dll (00007FFD03220000), size: 163840 (result: 0), SymType: '-deferred-', PDB: '', fileVersion: 10.0.22621.4746
C:\Windows\System32\WS2_32.dll:WS2_32.dll (00007FFD04D20000), size: 462848 (result: 0), SymType: '-deferred-', PDB: '', fileVersion: 10.0.22621.4746
C:\Program Files\Unity\Hub\Editor\2022.3.18f1\Editor\umbraoptimizer64.dll:umbraoptimizer64.dll (00007FFCD9D20000), size: 1187840 (result: 0), SymType: '-deferred-', PDB: ''
C:\Windows\System32\RPCRT4.dll:RPCRT4.dll (00007FFD041B0000), size: 1146880 (result: 0), SymType: '-deferred-', PDB: '', fileVersion: 10.0.22621.5840
C:\Windows\System32\SHELL32.dll:SHELL32.dll (00007FFD042D0000), size: 9027584 (result: 0), SymType: '-deferred-', PDB: '', fileVersion: 10.0.22621.6274
C:\Windows\System32\wintypes.dll:wintypes.dll (00007FFD033F0000), size: 1306624 (result: 0), SymType: '-deferred-', PDB: '', fileVersion: 10.0.22621.6133
C:\Windows\System32\combase.dll:combase.dll (00007FFD03650000), size: 3739648 (result: 0), SymType: '-deferred-', PDB: '', fileVersion: 10.0.22621.6133
C:\Windows\System32\SHLWAPI.dll:SHLWAPI.dll (00007FFD03CC0000), size: 430080 (result: 0), SymType: '-deferred-', PDB: '', fileVersion: 10.0.22621.5983
C:\Windows\SYSTEM32\VCRUNTIME140.dll:VCRUNTIME140.dll (00007FFCF3E60000), size: 122880 (result: 0), SymType: '-deferred-', PDB: '', fileVersion: 14.44.35211.0
C:\Windows\System32\ole32.dll:ole32.dll (00007FFD039F0000), size: 1708032 (result: 0), SymType: '-deferred-', PDB: '', fileVersion: 10.0.22621.6199
C:\Windows\SYSTEM32\MSVCP140.dll:MSVCP140.dll (00007FFCEF180000), size: 561152 (result: 0), SymType: '-deferred-', PDB: '', fileVersion: 14.44.35211.0
C:\Windows\SYSTEM32\VCRUNTIME140_1.dll:VCRUNTIME140_1.dll (00007FFCF3E50000), size: 49152 (result: 0), SymType: '-deferred-', PDB: '', fileVersion: 14.44.35211.0
C:\Windows\System32\IMM32.dll:IMM32.dll (00007FFD03FB0000), size: 200704 (result: 0), SymType: '-deferred-', PDB: '', fileVersion: 10.0.22621.5697
C:\Windows\SYSTEM32\OPENGL32.dll:OPENGL32.dll (00007FFC3D750000), size: 1048576 (result: 0), SymType: '-deferred-', PDB: '', fileVersion: 10.0.22621.5415
C:\Windows\SYSTEM32\GLU32.dll:GLU32.dll (00007FFC3D2A0000), size: 184320 (result: 0), SymType: '-deferred-', PDB: '', fileVersion: 10.0.22621.2506
C:\Windows\System32\SETUPAPI.dll:SETUPAPI.dll (00007FFD050A0000), size: 4669440 (result: 0), SymType: '-deferred-', PDB: '', fileVersion: 10.0.22621.2506
C:\Windows\SYSTEM32\IPHLPAPI.DLL:IPHLPAPI.DLL (00007FFD00FE0000), size: 184320 (result: 0), SymType: '-deferred-', PDB: '', fileVersion: 10.0.22621.1
C:\Windows\SYSTEM32\dxcore.dll:dxcore.dll (00007FFCFFC80000), size: 225280 (result: 0), SymType: '-deferred-', PDB: '', fileVersion: 10.0.22621.5415
C:\Windows\SYSTEM32\WINHTTP.dll:WINHTTP.dll (00007FFD019B0000), size: 1228800 (result: 0), SymType: '-deferred-', PDB: '', fileVersion: 10.0.22621.4830
C:\Windows\SYSTEM32\HID.DLL:HID.DLL (00007FFD00D90000), size: 57344 (result: 0), SymType: '-deferred-', PDB: '', fileVersion: 10.0.22621.1
C:\Windows\SYSTEM32\WINMM.dll:WINMM.dll (00007FFCFBFF0000), size: 212992 (result: 0), SymType: '-deferred-', PDB: '', fileVersion: 10.0.22621.5415
C:\Windows\SYSTEM32\dwmapi.dll:dwmapi.dll (00007FFCFFDF0000), size: 176128 (result: 0), SymType: '-deferred-', PDB: '', fileVersion: 10.0.22621.5697
C:\Program Files\Unity\Hub\Editor\2022.3.18f1\Editor\SketchUpAPI.dll:SketchUpAPI.dll (00007FFC1DE80000), size: 8990720 (result: 8), SymType: '-unknown-', PDB: '', fileVersion: 23.0.0.0
  ERROR: LoadModule, GetLastError: 'Ei riittävästi muistiresursseja komennon käsittelyä varten.' (Address: 0000000000000000)
C:\Windows\System32\OLEAUT32.dll:OLEAUT32.dll (00007FFD04DA0000), size: 884736 (result: 8), SymType: '-unknown-', PDB: '', fileVersion: 10.0.22621.5697
  ERROR: LoadModule, GetLastError: 'Ei riittävästi muistiresursseja komennon käsittelyä varten.' (Address: 0000000000000000)
C:\Windows\SYSTEM32\VERSION.dll:VERSION.dll (00007FFD01570000), size: 40960 (result: 0), SymType: '-deferred-', PDB: '', fileVersion: 10.0.22621.1
C:\Windows\System32\WINTRUST.dll:WINTRUST.dll (00007FFD02DD0000), size: 507904 (result: 0), SymType: '-deferred-', PDB: '', fileVersion: 10.0.22621.6060
C:\Windows\SYSTEM32\Secur32.dll:Secur32.dll (00007FFD01780000), size: 49152 (result: 0), SymType: '-deferred-', PDB: '', fileVersion: 10.0.22621.1
C:\Program Files\Unity\Hub\Editor\2022.3.18f1\Editor\SketchUpCommonPreferences.dll:SketchUpCommonPreferences.dll (00007FFCE0280000), size: 499712 (result: 0), SymType: '-deferred-', PDB: '', fileVersion: 23.0.0.0
C:\Windows\SYSTEM32\WSOCK32.dll:WSOCK32.dll (00007FFCDB420000), size: 36864 (result: 0), SymType: '-deferred-', PDB: '', fileVersion: 10.0.22621.1
C:\Windows\SYSTEM32\SSPICLI.DLL:SSPICLI.DLL (00007FFD01D20000), size: 274432 (result: 0), SymType: '-deferred-', PDB: '', fileVersion: 10.0.22621.5909
C:\Program Files\Unity\Hub\Editor\2022.3.18f1\Editor\OpenRL.dll:OpenRL.dll (000002DA01C60000), size: 12779520 (result: 0), SymType: '-deferred-', PDB: '', fileVersion: 1.5.0.2907
C:\Windows\SYSTEM32\MSVCP100.dll:MSVCP100.dll (000000005E910000), size: 622592 (result: 0), SymType: '-deferred-', PDB: '', fileVersion: 10.0.40219.325
C:\Windows\SYSTEM32\MSVCR100.dll:MSVCR100.dll (000000005E9B0000), size: 860160 (result: 0), SymType: '-deferred-', PDB: '', fileVersion: 10.0.40219.325
C:\Program Files\Unity\Hub\Editor\2022.3.18f1\Editor\embree.dll:embree.dll (00007FFC1C2F0000), size: 16711680 (result: 0), SymType: '-deferred-', PDB: '', fileVersion: 2.14.0.0
C:\Windows\SYSTEM32\cfgmgr32.DLL:cfgmgr32.DLL (00007FFD026D0000), size: 319488 (result: 0), SymType: '-deferred-', PDB: '', fileVersion: 10.0.22621.2506
C:\Program Files\Unity\Hub\Editor\2022.3.18f1\Editor\tbb.dll:tbb.dll (00007FFCFF600000), size: 413696 (result: 0), SymType: '-deferred-', PDB: '', fileVersion: 2017.0.2016.1004
C:\Windows\SYSTEM32\MSWSOCK.DLL:MSWSOCK.DLL (00007FFD01F80000), size: 430080 (result: 8), SymType: '-unknown-', PDB: '', fileVersion: 10.0.22621.5413
  ERROR: LoadModule, GetLastError: 'Ei riittävästi muistiresursseja komennon käsittelyä varten.' (Address: 0000000000000000)
C:\Windows\SYSTEM32\MSVCP120.dll:MSVCP120.dll (00007FFCD4310000), size: 679936 (result: 0), SymType: '-deferred-', PDB: '', fileVersion: 12.0.40649.5
C:\Windows\SYSTEM32\MSVCR120.dll:MSVCR120.dll (00007FFCD7D90000), size: 978944 (result: 0), SymType: '-deferred-', PDB: '', fileVersion: 12.0.40649.5
C:\Program Files\Unity\Hub\Editor\2022.3.18f1\Editor\OpenRL_pthread.dll:OpenRL_pthread.dll (000002DA028B0000), size: 61440 (result: 0), SymType: '-deferred-', PDB: '', fileVersion: 2.9.0.0
C:\Windows\SYSTEM32\MSASN1.dll:MSASN1.dll (00007FFD02680000), size: 73728 (result: 0), SymType: '-deferred-', PDB: '', fileVersion: 10.0.22621.2506
C:\Windows\System32\bcryptprimitives.dll:bcryptprimitives.dll (00007FFD03250000), size: 503808 (result: 0), SymType: '-deferred-', PDB: '', fileVersion: 10.0.22621.4317
C:\Windows\SYSTEM32\kernel.appcore.dll:kernel.appcore.dll (00007FFD01990000), size: 98304 (result: 0), SymType: '-deferred-', PDB: '', fileVersion: 10.0.22621.3958
C:\Windows\system32\uxtheme.dll:uxtheme.dll (00007FFCFFB80000), size: 733184 (result: 0), SymType: '-deferred-', PDB: '', fileVersion: 10.0.22621.5983
C:\Windows\SYSTEM32\windows.storage.dll:windows.storage.dll (00007FFD00470000), size: 9543680 (result: 0), SymType: '-deferred-', PDB: '', fileVersion: 10.0.22621.6345
C:\Windows\System32\SHCORE.dll:SHCORE.dll (00007FFD03BB0000), size: 1064960 (result: 0), SymType: '-deferred-', PDB: '', fileVersion: 10.0.22621.6345
C:\Windows\SYSTEM32\profapi.dll:profapi.dll (00007FFD02A00000), size: 151552 (result: 0), SymType: '-deferred-', PDB: '', fileVersion: 10.0.22621.5840
C:\Windows\system32\IconCodecService.dll:IconCodecService.dll (00007FFCFCA10000), size: 36864 (result: 0), SymType: '-deferred-', PDB: '', fileVersion: 10.0.22621.1
C:\Windows\SYSTEM32\WindowsCodecs.dll:WindowsCodecs.dll (00007FFCFF900000), size: 1777664 (result: 0), SymType: '-deferred-', PDB: '', fileVersion: 10.0.22621.6133
C:\Windows\System32\clbcatq.dll:clbcatq.dll (00007FFD05760000), size: 720896 (result: 0), SymType: '-deferred-', PDB: '', fileVersion: 2001.12.10941.16384
C:\Windows\System32\netprofm.dll:netprofm.dll (00007FFCFEF40000), size: 491520 (result: 0), SymType: '-deferred-', PDB: '', fileVersion: 10.0.22621.3527
C:\Windows\System32\npmproxy.dll:npmproxy.dll (00007FFCF8F20000), size: 98304 (result: 0), SymType: '-deferred-', PDB: '', fileVersion: 10.0.22621.3527
C:\Windows\System32\NSI.dll:NSI.dll (00007FFD05750000), size: 36864 (result: 0), SymType: '-deferred-', PDB: '', fileVersion: 10.0.22621.4746
C:\Windows\SYSTEM32\dhcpcsvc6.DLL:dhcpcsvc6.DLL (00007FFCFCC70000), size: 102400 (result: 0), SymType: '-deferred-', PDB: '', fileVersion: 10.0.22621.2506
C:\Windows\SYSTEM32\dhcpcsvc.DLL:dhcpcsvc.DLL (00007FFCFAAF0000), size: 126976 (result: 0), SymType: '-deferred-', PDB: '', fileVersion: 10.0.22621.2506
C:\Windows\SYSTEM32\DNSAPI.dll:DNSAPI.dll (00007FFD01010000), size: 1015808 (result: 0), SymType: '-deferred-', PDB: '', fileVersion: 10.0.22621.5262
C:\Windows\system32\napinsp.dll:napinsp.dll (00007FFCD1E60000), size: 94208 (result: 0), SymType: '-deferred-', PDB: '', fileVersion: 10.0.22621.1
C:\Windows\system32\pnrpnsp.dll:pnrpnsp.dll (00007FFCD1C20000), size: 110592 (result: 0), SymType: '-deferred-', PDB: '', fileVersion: 10.0.22621.1
C:\Windows\System32\winrnr.dll:winrnr.dll (00007FFCD1C00000), size: 69632 (result: 0), SymType: '-deferred-', PDB: '', fileVersion: 10.0.22621.1
C:\Windows\system32\wshbth.dll:wshbth.dll (00007FFCF90D0000), size: 86016 (result: 0), SymType: '-deferred-', PDB: '', fileVersion: 10.0.22621.5840
C:\Windows\system32\nlansp_c.dll:nlansp_c.dll (00007FFCD1C40000), size: 135168 (result: 0), SymType: '-deferred-', PDB: '', fileVersion: 10.0.22621.5331
C:\Windows\System32\fwpuclnt.dll:fwpuclnt.dll (00007FFCF8FC0000), size: 540672 (result: 0), SymType: '-deferred-', PDB: '', fileVersion: 10.0.22621.6274
C:\Windows\System32\rasadhlp.dll:rasadhlp.dll (00007FFCEC1A0000), size: 40960 (result: 0), SymType: '-deferred-', PDB: '', fileVersion: 10.0.22621.6199
C:\Program Files\Unity\Hub\Editor\2022.3.18f1\Editor\NVUnityPlugin.DLL:NVUnityPlugin.DLL (00007FFC19C50000), size: 1519616 (result: 0), SymType: '-deferred-', PDB: ''
C:\Program Files\Unity\Hub\Editor\2022.3.18f1\Editor\Data\Tools\astcenc-avx2.dll:astcenc-avx2.dll (00007FFC19BC0000), size: 540672 (result: 0), SymType: '-deferred-', PDB: ''
C:\Windows\System32\MMDevApi.dll:MMDevApi.dll (00007FFCEEAC0000), size: 638976 (result: 0), SymType: '-deferred-', PDB: '', fileVersion: 10.0.22621.5547
C:\Windows\System32\DEVOBJ.dll:DEVOBJ.dll (00007FFD026A0000), size: 180224 (result: 0), SymType: '-deferred-', PDB: '', fileVersion: 10.0.22621.2506
C:\Windows\SYSTEM32\d3d11.dll:d3d11.dll (00007FFCFB040000), size: 2453504 (result: 0), SymType: '-deferred-', PDB: '', fileVersion: 10.0.22621.5415
C:\Windows\SYSTEM32\dxgi.dll:dxgi.dll (00007FFCFFCE0000), size: 1011712 (result: 0), SymType: '-deferred-', PDB: '', fileVersion: 10.0.22621.5415
C:\Windows\SYSTEM32\directxdatabasehelper.dll:directxdatabasehelper.dll (00007FFCF88A0000), size: 299008 (result: 0), SymType: '-deferred-', PDB: '', fileVersion: 10.0.22621.6274
C:\Windows\System32\DriverStore\FileRepository\u0395863.inf_amd64_6200efe8232a0186\B395725\aticfx64.dll:aticfx64.dll (00007FFCF6B20000), size: 1814528 (result: 0), SymType: '-deferred-', PDB: '', fileVersion: 31.0.21024.5005
C:\Windows\System32\DriverStore\FileRepository\u0395863.inf_amd64_6200efe8232a0186\B395725\atiuxp64.dll:atiuxp64.dll (00007FFCF6AE0000), size: 233472 (result: 0), SymType: '-deferred-', PDB: '', fileVersion: 31.0.21024.5005
C:\Windows\System32\DriverStore\FileRepository\u0395863.inf_amd64_6200efe8232a0186\B395725\atidxx64.dll:atidxx64.dll (00007FFCF44C0000), size: 33054720 (result: 0), SymType: '-deferred-', PDB: '', fileVersion: 31.0.21024.5005
C:\Windows\SYSTEM32\apphelp.dll:apphelp.dll (00007FFCFCAF0000), size: 618496 (result: 8), SymType: '-unknown-', PDB: '', fileVersion: 10.0.22621.6274
  ERROR: LoadModule, GetLastError: 'Ei riittävästi muistiresursseja komennon käsittelyä varten.' (Address: 0000000000000000)
C:\Windows\SYSTEM32\amdihk64.dll:amdihk64.dll (00007FFCF4430000), size: 217088 (result: 0), SymType: '-deferred-', PDB: '', fileVersion: 2.0.0.1788
C:\Windows\SYSTEM32\D3DSCache.dll:D3DSCache.dll (00007FFCF4400000), size: 192512 (result: 0), SymType: '-deferred-', PDB: '', fileVersion: 10.0.22621.5415
C:\Windows\SYSTEM32\USERENV.dll:USERENV.dll (00007FFD02020000), size: 163840 (result: 0), SymType: '-deferred-', PDB: '', fileVersion: 10.0.22621.3527
C:\Windows\system32\wbem\wbemprox.dll:wbemprox.dll (00007FFCE6C40000), size: 65536 (result: 0), SymType: '-deferred-', PDB: '', fileVersion: 10.0.22621.3672
C:\Windows\SYSTEM32\wbemcomn.dll:wbemcomn.dll (00007FFCE8270000), size: 524288 (result: 0), SymType: '-deferred-', PDB: '', fileVersion: 10.0.22621.2506
C:\Windows\system32\wbem\wbemsvc.dll:wbemsvc.dll (00007FFCE6590000), size: 81920 (result: 0), SymType: '-deferred-', PDB: '', fileVersion: 10.0.22621.3672
C:\Windows\system32\wbem\fastprox.dll:fastprox.dll (00007FFCE6440000), size: 1015808 (result: 0), SymType: '-deferred-', PDB: '', fileVersion: 10.0.22621.5415
C:\Windows\SYSTEM32\amsi.dll:amsi.dll (00007FFCE7720000), size: 118784 (result: 0), SymType: '-deferred-', PDB: '', fileVersion: 10.0.22621.3527
C:\ProgramData\Microsoft\Windows Defender\Platform\4.18.25110.6-0\MpOav.dll:MpOav.dll (00007FFCE5CD0000), size: 663552 (result: 0), SymType: '-deferred-', PDB: '', fileVersion: 4.18.25110.6
C:\Windows\SYSTEM32\opencl.dll:opencl.dll (00007FFC327A0000), size: 516096 (result: 0), SymType: '-deferred-', PDB: '', fileVersion: 3.0.1.0
C:\Program Files\Unity\Hub\Editor\2022.3.18f1\Editor\radeonrays.dll:radeonrays.dll (00007FFC417F0000), size: 557056 (result: 0), SymType: '-deferred-', PDB: ''
C:\Program Files\Unity\Hub\Editor\2022.3.18f1\Editor\Data\MonoBleedingEdge\EmbedRuntime\mono-2.0-bdwgc.dll:mono-2.0-bdwgc.dll (00007FFC1B890000), size: 10825728 (result: 0), SymType: '-deferred-', PDB: ''
C:\Windows\SYSTEM32\dbghelp.dll:dbghelp.dll (00007FFCF9270000), size: 2306048 (result: 0), SymType: '-deferred-', PDB: '', fileVersion: 10.0.22621.5471
C:\Windows\System32\psapi.dll:psapi.dll (00007FFD03BA0000), size: 32768 (result: 0), SymType: '-deferred-', PDB: '', fileVersion: 10.0.22621.1
0x00007FFD02EB055C (KERNELBASE) RaiseException
SymInit: Symbol-SearchPath: 'C:/Program Files/Unity/Hub/Editor/2022.3.18f1/Editor/Data/Mono;.;C:\Users\gr289381\OneDrive\Documents\moi\gamee\game;C:\Users\gr289381\OneDrive\Documents\moi\gamee\game\Library\BurstCache\JIT;C:\Program Files\Unity\Hub\Editor\2022.3.18f1\Editor;C:\Windows;C:\Windows\system32;', symOptions: 534, UserName: 'gr289381'
OS-Version: 10.0.0
C:\Program Files\Unity\Hub\Editor\2022.3.18f1\Editor\Unity.exe:Unity.exe (00007FF615E30000), size: 82329600 (result: 0), SymType: '-nosymbols-', PDB: 'C:\Program Files\Unity\Hub\Editor\2022.3.18f1\Editor\Unity.exe', fileVersion: 2022.3.18.39914
C:\Windows\SYSTEM32\ntdll.dll:ntdll.dll (00007FFD059B0000), size: 2195456 (result: 0), SymType: '-nosymbols-', PDB: 'C:\Windows\SYSTEM32\ntdll.dll', fileVersion: 10.0.22621.6345
C:\Windows\System32\KERNEL32.DLL:KERNEL32.DLL (00007FFD04B90000), size: 802816 (result: 0), SymType: '-nosymbols-', PDB: 'C:\Windows\System32\KERNEL32.DLL', fileVersion: 10.0.22621.5415
C:\Windows\System32\KERNELBASE.dll:KERNELBASE.dll (00007FFD02E50000), size: 3960832 (result: 0), SymType: '-exported-', PDB: 'C:\Windows\System32\KERNELBASE.dll', fileVersion: 10.0.22621.6274
C:\Windows\System32\CRYPT32.dll:CRYPT32.dll (00007FFD02AD0000), size: 1474560 (result: 0), SymType: '-exported-', PDB: 'C:\Windows\System32\CRYPT32.dll', fileVersion: 10.0.22621.5983
C:\Windows\System32\ucrtbase.dll:ucrtbase.dll (00007FFD03530000), size: 1118208 (result: 0), SymType: '-nosymbols-', PDB: 'C:\Windows\System32\ucrtbase.dll', fileVersion: 10.0.22621.3593
C:\Windows\System32\USER32.dll:USER32.dll (00007FFD05520000), size: 1777664 (result: 0), SymType: '-nosymbols-', PDB: 'C:\Windows\System32\USER32.dll', fileVersion: 10.0.22621.6199
C:\Windows\System32\win32u.dll:win32u.dll (00007FFD02C40000), size: 155648 (result: 0), SymType: '-nosymbols-', PDB: 'C:\Windows\System32\win32u.dll', fileVersion: 10.0.22621.6345
C:\Windows\System32\GDI32.dll:GDI32.dll (00007FFD04F70000), size: 167936 (result: 0), SymType: '-nosymbols-', PDB: 'C:\Windows\System32\GDI32.dll', fileVersion: 10.0.22621.5697
C:\Windows\System32\gdi32full.dll:gdi32full.dll (00007FFD032D0000), size: 1159168 (result: 0), SymType: '-nosymbols-', PDB: 'C:\Windows\System32\gdi32full.dll', fileVersion: 10.0.22621.6133
C:\Program Files\Unity\Hub\Editor\2022.3.18f1\Editor\s3tcompress.dll:s3tcompress.dll (00007FFCFF7C0000), size: 180224 (result: 0), SymType: '-nosymbols-', PDB: 'C:\Program Files\Unity\Hub\Editor\2022.3.18f1\Editor\s3tcompress.dll'
C:\Windows\System32\msvcp_win.dll:msvcp_win.dll (00007FFD02D30000), size: 630784 (result: 0), SymType: '-nosymbols-', PDB: 'C:\Windows\System32\msvcp_win.dll', fileVersion: 10.0.22621.3374
C:\Program Files\Unity\Hub\Editor\2022.3.18f1\Editor\etccompress.dll:etccompress.dll (00007FFC23080000), size: 5066752 (result: 0), SymType: '-nosymbols-', PDB: 'C:\Program Files\Unity\Hub\Editor\2022.3.18f1\Editor\etccompress.dll'
C:\Program Files\Unity\Hub\Editor\2022.3.18f1\Editor\libfbxsdk.dll:libfbxsdk.dll (00007FFCD4580000), size: 10067968 (result: 0), SymType: '-nosymbols-', PDB: 'C:\Program Files\Unity\Hub\Editor\2022.3.18f1\Editor\libfbxsdk.dll', fileVersion: 2020.3.3.0
C:\Program Files\Unity\Hub\Editor\2022.3.18f1\Editor\ispc_texcomp.dll:ispc_texcomp.dll (00007FFCD43C0000), size: 1826816 (result: 0), SymType: '-nosymbols-', PDB: 'C:\Program Files\Unity\Hub\Editor\2022.3.18f1\Editor\ispc_texcomp.dll'
C:\Program Files\Unity\Hub\Editor\2022.3.18f1\Editor\compress_bc7e.dll:compress_bc7e.dll (00007FFCD1170000), size: 1433600 (result: 0), SymType: '-nosymbols-', PDB: 'C:\Program Files\Unity\Hub\Editor\2022.3.18f1\Editor\compress_bc7e.dll'
C:\Program Files\Unity\Hub\Editor\2022.3.18f1\Editor\FreeImage.dll:FreeImage.dll (0000000180000000), size: 6582272 (result: 0), SymType: '-nosymbols-', PDB: 'C:\Program Files\Unity\Hub\Editor\2022.3.18f1\Editor\FreeImage.dll', fileVersion: 3.18.0.0
C:\Windows\System32\ADVAPI32.dll:ADVAPI32.dll (00007FFD05830000), size: 724992 (result: 0), SymType: '-nosymbols-', PDB: 'C:\Windows\System32\ADVAPI32.dll', fileVersion: 10.0.22621.5909
C:\Windows\System32\msvcrt.dll:msvcrt.dll (00007FFD04C60000), size: 684032 (result: 0), SymType: '-nosymbols-', PDB: 'C:\Windows\System32\msvcrt.dll', fileVersion: 7.0.22621.2506
C:\Program Files\Unity\Hub\Editor\2022.3.18f1\Editor\WinPixEventRuntime.dll:WinPixEventRuntime.dll (00007FFCFF7F0000), size: 45056 (result: 0), SymType: '-nosymbols-', PDB: 'C:\Program Files\Unity\Hub\Editor\2022.3.18f1\Editor\WinPixEventRuntime.dll', fileVersion: 1.0.1812.6001
C:\Windows\System32\sechost.dll:sechost.dll (00007FFD04FF0000), size: 688128 (result: 0), SymType: '-nosymbols-', PDB: 'C:\Windows\System32\sechost.dll', fileVersion: 10.0.22621.5909
C:\Windows\System32\bcrypt.dll:bcrypt.dll (00007FFD03220000), size: 163840 (result: 0), SymType: '-nosymbols-', PDB: 'C:\Windows\System32\bcrypt.dll', fileVersion: 10.0.22621.4746
C:\Windows\System32\WS2_32.dll:WS2_32.dll (00007FFD04D20000), size: 462848 (result: 0), SymType: '-nosymbols-', PDB: 'C:\Windows\System32\WS2_32.dll', fileVersion: 10.0.22621.4746
C:\Program Files\Unity\Hub\Editor\2022.3.18f1\Editor\umbraoptimizer64.dll:umbraoptimizer64.dll (00007FFCD9D20000), size: 1187840 (result: 0), SymType: '-nosymbols-', PDB: 'C:\Program Files\Unity\Hub\Editor\2022.3.18f1\Editor\umbraoptimizer64.dll'
C:\Windows\System32\RPCRT4.dll:RPCRT4.dll (00007FFD041B0000), size: 1146880 (result: 0), SymType: '-nosymbols-', PDB: 'C:\Windows\System32\RPCRT4.dll', fileVersion: 10.0.22621.5840
C:\Windows\System32\SHELL32.dll:SHELL32.dll (00007FFD042D0000), size: 9027584 (result: 0), SymType: '-nosymbols-', PDB: 'C:\Windows\System32\SHELL32.dll', fileVersion: 10.0.22621.6274
C:\Windows\System32\wintypes.dll:wintypes.dll (00007FFD033F0000), size: 1306624 (result: 0), SymType: '-nosymbols-', PDB: 'C:\Windows\System32\wintypes.dll', fileVersion: 10.0.22621.6133
C:\Windows\System32\combase.dll:combase.dll (00007FFD03650000), size: 3739648 (result: 0), SymType: '-nosymbols-', PDB: 'C:\Windows\System32\combase.dll', fileVersion: 10.0.22621.6133
C:\Windows\System32\SHLWAPI.dll:SHLWAPI.dll (00007FFD03CC0000), size: 430080 (result: 0), SymType: '-nosymbols-', PDB: 'C:\Windows\System32\SHLWAPI.dll', fileVersion: 10.0.22621.5983
C:\Windows\SYSTEM32\VCRUNTIME140.dll:VCRUNTIME140.dll (00007FFCF3E60000), size: 122880 (result: 0), SymType: '-nosymbols-', PDB: 'C:\Windows\SYSTEM32\VCRUNTIME140.dll', fileVersion: 14.44.35211.0
C:\Windows\System32\ole32.dll:ole32.dll (00007FFD039F0000), size: 1708032 (result: 0), SymType: '-nosymbols-', PDB: 'C:\Windows\System32\ole32.dll', fileVersion: 10.0.22621.6199
C:\Windows\SYSTEM32\MSVCP140.dll:MSVCP140.dll (00007FFCEF180000), size: 561152 (result: 0), SymType: '-nosymbols-', PDB: 'C:\Windows\SYSTEM32\MSVCP140.dll', fileVersion: 14.44.35211.0
C:\Windows\SYSTEM32\VCRUNTIME140_1.dll:VCRUNTIME140_1.dll (00007FFCF3E50000), size: 49152 (result: 0), SymType: '-nosymbols-', PDB: 'C:\Windows\SYSTEM32\VCRUNTIME140_1.dll', fileVersion: 14.44.35211.0
C:\Windows\System32\IMM32.dll:IMM32.dll (00007FFD03FB0000), size: 200704 (result: 0), SymType: '-nosymbols-', PDB: 'C:\Windows\System32\IMM32.dll', fileVersion: 10.0.22621.5697
C:\Windows\SYSTEM32\OPENGL32.dll:OPENGL32.dll (00007FFC3D750000), size: 1048576 (result: 0), SymType: '-nosymbols-', PDB: 'C:\Windows\SYSTEM32\OPENGL32.dll', fileVersion: 10.0.22621.5415
C:\Windows\SYSTEM32\GLU32.dll:GLU32.dll (00007FFC3D2A0000), size: 184320 (result: 0), SymType: '-nosymbols-', PDB: 'C:\Windows\SYSTEM32\GLU32.dll', fileVersion: 10.0.22621.2506
C:\Windows\System32\SETUPAPI.dll:SETUPAPI.dll (00007FFD050A0000), size: 4669440 (result: 0), SymType: '-nosymbols-', PDB: 'C:\Windows\System32\SETUPAPI.dll', fileVersion: 10.0.22621.2506
C:\Windows\SYSTEM32\IPHLPAPI.DLL:IPHLPAPI.DLL (00007FFD00FE0000), size: 184320 (result: 0), SymType: '-nosymbols-', PDB: 'C:\Windows\SYSTEM32\IPHLPAPI.DLL', fileVersion: 10.0.22621.1
C:\Windows\SYSTEM32\dxcore.dll:dxcore.dll (00007FFCFFC80000), size: 225280 (result: 0), SymType: '-nosymbols-', PDB: 'C:\Windows\SYSTEM32\dxcore.dll', fileVersion: 10.0.22621.5415
C:\Windows\SYSTEM32\WINHTTP.dll:WINHTTP.dll (00007FFD019B0000), size: 1228800 (result: 0), SymType: '-nosymbols-', PDB: 'C:\Windows\SYSTEM32\WINHTTP.dll', fileVersion: 10.0.22621.4830
C:\Windows\SYSTEM32\HID.DLL:HID.DLL (00007FFD00D90000), size: 57344 (result: 0), SymType: '-nosymbols-', PDB: 'C:\Windows\SYSTEM32\HID.DLL', fileVersion: 10.0.22621.1
C:\Windows\SYSTEM32\WINMM.dll:WINMM.dll (00007FFCFBFF0000), size: 212992 (result: 0), SymType: '-nosymbols-', PDB: 'C:\Windows\SYSTEM32\WINMM.dll', fileVersion: 10.0.22621.5415
C:\Windows\SYSTEM32\dwmapi.dll:dwmapi.dll (00007FFCFFDF0000), size: 176128 (result: 0), SymType: '-nosymbols-', PDB: 'C:\Windows\SYSTEM32\dwmapi.dll', fileVersion: 10.0.22621.5697
C:\Program Files\Unity\Hub\Editor\2022.3.18f1\Editor\SketchUpAPI.dll:SketchUpAPI.dll (00007FFC1DE80000), size: 8990720 (result: 0), SymType: '-deferred-', PDB: '', fileVersion: 23.0.0.0
C:\Windows\System32\OLEAUT32.dll:OLEAUT32.dll (00007FFD04DA0000), size: 884736 (result: 0), SymType: '-deferred-', PDB: '', fileVersion: 10.0.22621.5697
C:\Windows\SYSTEM32\VERSION.dll:VERSION.dll (00007FFD01570000), size: 40960 (result: 0), SymType: '-nosymbols-', PDB: 'C:\Windows\SYSTEM32\VERSION.dll', fileVersion: 10.0.22621.1
C:\Windows\System32\WINTRUST.dll:WINTRUST.dll (00007FFD02DD0000), size: 507904 (result: 0), SymType: '-nosymbols-', PDB: 'C:\Windows\System32\WINTRUST.dll', fileVersion: 10.0.22621.6060
C:\Windows\SYSTEM32\Secur32.dll:Secur32.dll (00007FFD01780000), size: 49152 (result: 0), SymType: '-nosymbols-', PDB: 'C:\Windows\SYSTEM32\Secur32.dll', fileVersion: 10.0.22621.1
C:\Program Files\Unity\Hub\Editor\2022.3.18f1\Editor\SketchUpCommonPreferences.dll:SketchUpCommonPreferences.dll (00007FFCE0280000), size: 499712 (result: 0), SymType: '-nosymbols-', PDB: 'C:\Program Files\Unity\Hub\Editor\2022.3.18f1\Editor\SketchUpCommonPreferences.dll', fileVersion: 23.0.0.0
C:\Windows\SYSTEM32\WSOCK32.dll:WSOCK32.dll (00007FFCDB420000), size: 36864 (result: 0), SymType: '-nosymbols-', PDB: 'C:\Windows\SYSTEM32\WSOCK32.dll', fileVersion: 10.0.22621.1
C:\Windows\SYSTEM32\SSPICLI.DLL:SSPICLI.DLL (00007FFD01D20000), size: 274432 (result: 0), SymType: '-nosymbols-', PDB: 'C:\Windows\SYSTEM32\SSPICLI.DLL', fileVersion: 10.0.22621.5909
C:\Program Files\Unity\Hub\Editor\2022.3.18f1\Editor\OpenRL.dll:OpenRL.dll (000002DA01C60000), size: 12779520 (result: 0), SymType: '-nosymbols-', PDB: 'C:\Program Files\Unity\Hub\Editor\2022.3.18f1\Editor\OpenRL.dll', fileVersion: 1.5.0.2907
C:\Windows\SYSTEM32\MSVCP100.dll:MSVCP100.dll (000000005E910000), size: 622592 (result: 0), SymType: '-nosymbols-', PDB: 'C:\Windows\SYSTEM32\MSVCP100.dll', fileVersion: 10.0.40219.325
C:\Windows\SYSTEM32\MSVCR100.dll:MSVCR100.dll (000000005E9B0000), size: 860160 (result: 0), SymType: '-nosymbols-', PDB: 'C:\Windows\SYSTEM32\MSVCR100.dll', fileVersion: 10.0.40219.325
C:\Program Files\Unity\Hub\Editor\2022.3.18f1\Editor\embree.dll:embree.dll (00007FFC1C2F0000), size: 16711680 (result: 0), SymType: '-nosymbols-', PDB: 'C:\Program Files\Unity\Hub\Editor\2022.3.18f1\Editor\embree.dll', fileVersion: 2.14.0.0
C:\Windows\SYSTEM32\cfgmgr32.DLL:cfgmgr32.DLL (00007FFD026D0000), size: 319488 (result: 0), SymType: '-nosymbols-', PDB: 'C:\Windows\SYSTEM32\cfgmgr32.DLL', fileVersion: 10.0.22621.2506
C:\Program Files\Unity\Hub\Editor\2022.3.18f1\Editor\tbb.dll:tbb.dll (00007FFCFF600000), size: 413696 (result: 0), SymType: '-nosymbols-', PDB: 'C:\Program Files\Unity\Hub\Editor\2022.3.18f1\Editor\tbb.dll', fileVersion: 2017.0.2016.1004
C:\Windows\SYSTEM32\MSWSOCK.DLL:MSWSOCK.DLL (00007FFD01F80000), size: 430080 (result: 0), SymType: '-deferred-', PDB: '', fileVersion: 10.0.22621.5413
C:\Windows\SYSTEM32\MSVCP120.dll:MSVCP120.dll (00007FFCD4310000), size: 679936 (result: 0), SymType: '-nosymbols-', PDB: 'C:\Windows\SYSTEM32\MSVCP120.dll', fileVersion: 12.0.40649.5
C:\Windows\SYSTEM32\MSVCR120.dll:MSVCR120.dll (00007FFCD7D90000), size: 978944 (result: 0), SymType: '-nosymbols-', PDB: 'C:\Windows\SYSTEM32\MSVCR120.dll', fileVersion: 12.0.40649.5
C:\Program Files\Unity\Hub\Editor\2022.3.18f1\Editor\OpenRL_pthread.dll:OpenRL_pthread.dll (000002DA028B0000), size: 61440 (result: 0), SymType: '-nosymbols-', PDB: 'C:\Program Files\Unity\Hub\Editor\2022.3.18f1\Editor\OpenRL_pthread.dll', fileVersion: 2.9.0.0
C:\Windows\SYSTEM32\MSASN1.dll:MSASN1.dll (00007FFD02680000), size: 73728 (result: 0), SymType: '-nosymbols-', PDB: 'C:\Windows\SYSTEM32\MSASN1.dll', fileVersion: 10.0.22621.2506
C:\Windows\System32\bcryptprimitives.dll:bcryptprimitives.dll (00007FFD03250000), size: 503808 (result: 0), SymType: '-nosymbols-', PDB: 'C:\Windows\System32\bcryptprimitives.dll', fileVersion: 10.0.22621.4317
C:\Windows\SYSTEM32\kernel.appcore.dll:kernel.appcore.dll (00007FFD01990000), size: 98304 (result: 0), SymType: '-nosymbols-', PDB: 'C:\Windows\SYSTEM32\kernel.appcore.dll', fileVersion: 10.0.22621.3958
C:\Windows\system32\uxtheme.dll:uxtheme.dll (00007FFCFFB80000), size: 733184 (result: 0), SymType: '-nosymbols-', PDB: 'C:\Windows\system32\uxtheme.dll', fileVersion: 10.0.22621.5983
C:\Windows\SYSTEM32\windows.storage.dll:windows.storage.dll (00007FFD00470000), size: 9543680 (result: 0), SymType: '-nosymbols-', PDB: 'C:\Windows\SYSTEM32\windows.storage.dll', fileVersion: 10.0.22621.6345
C:\Windows\System32\SHCORE.dll:SHCORE.dll (00007FFD03BB0000), size: 1064960 (result: 0), SymType: '-nosymbols-', PDB: 'C:\Windows\System32\SHCORE.dll', fileVersion: 10.0.22621.6345
C:\Windows\SYSTEM32\profapi.dll:profapi.dll (00007FFD02A00000), size: 151552 (result: 0), SymType: '-nosymbols-', PDB: 'C:\Windows\SYSTEM32\profapi.dll', fileVersion: 10.0.22621.5840
C:\Windows\system32\IconCodecService.dll:IconCodecService.dll (00007FFCFCA10000), size: 36864 (result: 0), SymType: '-nosymbols-', PDB: 'C:\Windows\system32\IconCodecService.dll', fileVersion: 10.0.22621.1
C:\Windows\SYSTEM32\WindowsCodecs.dll:WindowsCodecs.dll (00007FFCFF900000), size: 1777664 (result: 0), SymType: '-nosymbols-', PDB: 'C:\Windows\SYSTEM32\WindowsCodecs.dll', fileVersion: 10.0.22621.6133
C:\Windows\System32\clbcatq.dll:clbcatq.dll (00007FFD05760000), size: 720896 (result: 0), SymType: '-nosymbols-', PDB: 'C:\Windows\System32\clbcatq.dll', fileVersion: 2001.12.10941.16384
C:\Windows\System32\netprofm.dll:netprofm.dll (00007FFCFEF40000), size: 491520 (result: 0), SymType: '-nosymbols-', PDB: 'C:\Windows\System32\netprofm.dll', fileVersion: 10.0.22621.3527
C:\Windows\System32\npmproxy.dll:npmproxy.dll (00007FFCF8F20000), size: 98304 (result: 0), SymType: '-nosymbols-', PDB: 'C:\Windows\System32\npmproxy.dll', fileVersion: 10.0.22621.3527
C:\Windows\System32\NSI.dll:NSI.dll (00007FFD05750000), size: 36864 (result: 0), SymType: '-nosymbols-', PDB: 'C:\Windows\System32\NSI.dll', fileVersion: 10.0.22621.4746
C:\Windows\SYSTEM32\dhcpcsvc6.DLL:dhcpcsvc6.DLL (00007FFCFCC70000), size: 102400 (result: 0), SymType: '-nosymbols-', PDB: 'C:\Windows\SYSTEM32\dhcpcsvc6.DLL', fileVersion: 10.0.22621.2506
C:\Windows\SYSTEM32\dhcpcsvc.DLL:dhcpcsvc.DLL (00007FFCFAAF0000), size: 126976 (result: 0), SymType: '-nosymbols-', PDB: 'C:\Windows\SYSTEM32\dhcpcsvc.DLL', fileVersion: 10.0.22621.2506
C:\Windows\SYSTEM32\DNSAPI.dll:DNSAPI.dll (00007FFD01010000), size: 1015808 (result: 0), SymType: '-nosymbols-', PDB: 'C:\Windows\SYSTEM32\DNSAPI.dll', fileVersion: 10.0.22621.5262
C:\Windows\system32\napinsp.dll:napinsp.dll (00007FFCD1E60000), size: 94208 (result: 0), SymType: '-nosymbols-', PDB: 'C:\Windows\system32\napinsp.dll', fileVersion: 10.0.22621.1
C:\Windows\system32\pnrpnsp.dll:pnrpnsp.dll (00007FFCD1C20000), size: 110592 (result: 0), SymType: '-nosymbols-', PDB: 'C:\Windows\system32\pnrpnsp.dll', fileVersion: 10.0.22621.1
C:\Windows\System32\winrnr.dll:winrnr.dll (00007FFCD1C00000), size: 69632 (result: 0), SymType: '-nosymbols-', PDB: 'C:\Windows\System32\winrnr.dll', fileVersion: 10.0.22621.1
C:\Windows\system32\wshbth.dll:wshbth.dll (00007FFCF90D0000), size: 86016 (result: 0), SymType: '-nosymbols-', PDB: 'C:\Windows\system32\wshbth.dll', fileVersion: 10.0.22621.5840
C:\Windows\system32\nlansp_c.dll:nlansp_c.dll (00007FFCD1C40000), size: 135168 (result: 0), SymType: '-nosymbols-', PDB: 'C:\Windows\system32\nlansp_c.dll', fileVersion: 10.0.22621.5331
C:\Windows\System32\fwpuclnt.dll:fwpuclnt.dll (00007FFCF8FC0000), size: 540672 (result: 0), SymType: '-nosymbols-', PDB: 'C:\Windows\System32\fwpuclnt.dll', fileVersion: 10.0.22621.6274
C:\Windows\System32\rasadhlp.dll:rasadhlp.dll (00007FFCEC1A0000), size: 40960 (result: 0), SymType: '-nosymbols-', PDB: 'C:\Windows\System32\rasadhlp.dll', fileVersion: 10.0.22621.6199
C:\Program Files\Unity\Hub\Editor\2022.3.18f1\Editor\NVUnityPlugin.DLL:NVUnityPlugin.DLL (00007FFC19C50000), size: 1519616 (result: 0), SymType: '-nosymbols-', PDB: 'C:\Program Files\Unity\Hub\Editor\2022.3.18f1\Editor\NVUnityPlugin.DLL'
C:\Program Files\Unity\Hub\Editor\2022.3.18f1\Editor\Data\Tools\astcenc-avx2.dll:astcenc-avx2.dll (00007FFC19BC0000), size: 540672 (result: 0), SymType: '-nosymbols-', PDB: 'C:\Program Files\Unity\Hub\Editor\2022.3.18f1\Editor\Data\Tools\astcenc-avx2.dll'
C:\Windows\System32\MMDevApi.dll:MMDevApi.dll (00007FFCEEAC0000), size: 638976 (result: 0), SymType: '-nosymbols-', PDB: 'C:\Windows\System32\MMDevApi.dll', fileVersion: 10.0.22621.5547
C:\Windows\System32\DEVOBJ.dll:DEVOBJ.dll (00007FFD026A0000), size: 180224 (result: 0), SymType: '-nosymbols-', PDB: 'C:\Windows\System32\DEVOBJ.dll', fileVersion: 10.0.22621.2506
C:\Windows\SYSTEM32\d3d11.dll:d3d11.dll (00007FFCFB040000), size: 2453504 (result: 0), SymType: '-nosymbols-', PDB: 'C:\Windows\SYSTEM32\d3d11.dll', fileVersion: 10.0.22621.5415
C:\Windows\SYSTEM32\dxgi.dll:dxgi.dll (00007FFCFFCE0000), size: 1011712 (result: 0), SymType: '-nosymbols-', PDB: 'C:\Windows\SYSTEM32\dxgi.dll', fileVersion: 10.0.22621.5415
C:\Windows\SYSTEM32\directxdatabasehelper.dll:directxdatabasehelper.dll (00007FFCF88A0000), size: 299008 (result: 0), SymType: '-nosymbols-', PDB: 'C:\Windows\SYSTEM32\directxdatabasehelper.dll', fileVersion: 10.0.22621.6274
C:\Windows\System32\DriverStore\FileRepository\u0395863.inf_amd64_6200efe8232a0186\B395725\aticfx64.dll:aticfx64.dll (00007FFCF6B20000), size: 1814528 (result: 0), SymType: '-nosymbols-', PDB: 'C:\Windows\System32\DriverStore\FileRepository\u0395863.inf_amd64_6200efe8232a0186\B395725\aticfx64.dll', fileVersion: 31.0.21024.5005
C:\Windows\System32\DriverStore\FileRepository\u0395863.inf_amd64_6200efe8232a0186\B395725\atiuxp64.dll:atiuxp64.dll (00007FFCF6AE0000), size: 233472 (result: 0), SymType: '-nosymbols-', PDB: 'C:\Windows\System32\DriverStore\FileRepository\u0395863.inf_amd64_6200efe8232a0186\B395725\atiuxp64.dll', fileVersion: 31.0.21024.5005
C:\Windows\System32\DriverStore\FileRepository\u0395863.inf_amd64_6200efe8232a0186\B395725\atidxx64.dll:atidxx64.dll (00007FFCF44C0000), size: 33054720 (result: 0), SymType: '-nosymbols-', PDB: 'C:\Windows\System32\DriverStore\FileRepository\u0395863.inf_amd64_6200efe8232a0186\B395725\atidxx64.dll', fileVersion: 31.0.21024.5005
C:\Windows\SYSTEM32\apphelp.dll:apphelp.dll (00007FFCFCAF0000), size: 618496 (result: 0), SymType: '-deferred-', PDB: '', fileVersion: 10.0.22621.6274
C:\Windows\SYSTEM32\amdihk64.dll:amdihk64.dll (00007FFCF4430000), size: 217088 (result: 0), SymType: '-nosymbols-', PDB: 'C:\Windows\SYSTEM32\amdihk64.dll', fileVersion: 2.0.0.1788
C:\Windows\SYSTEM32\D3DSCache.dll:D3DSCache.dll (00007FFCF4400000), size: 192512 (result: 0), SymType: '-nosymbols-', PDB: 'C:\Windows\SYSTEM32\D3DSCache.dll', fileVersion: 10.0.22621.5415
C:\Windows\SYSTEM32\USERENV.dll:USERENV.dll (00007FFD02020000), size: 163840 (result: 0), SymType: '-nosymbols-', PDB: 'C:\Windows\SYSTEM32\USERENV.dll', fileVersion: 10.0.22621.3527
C:\Windows\system32\wbem\wbemprox.dll:wbemprox.dll (00007FFCE6C40000), size: 65536 (result: 0), SymType: '-nosymbols-', PDB: 'C:\Windows\system32\wbem\wbemprox.dll', fileVersion: 10.0.22621.3672
C:\Windows\SYSTEM32\wbemcomn.dll:wbemcomn.dll (00007FFCE8270000), size: 524288 (result: 0), SymType: '-nosymbols-', PDB: 'C:\Windows\SYSTEM32\wbemcomn.dll', fileVersion: 10.0.22621.2506
C:\Windows\system32\wbem\wbemsvc.dll:wbemsvc.dll (00007FFCE6590000), size: 81920 (result: 0), SymType: '-nosymbols-', PDB: 'C:\Windows\system32\wbem\wbemsvc.dll', fileVersion: 10.0.22621.3672
C:\Windows\system32\wbem\fastprox.dll:fastprox.dll (00007FFCE6440000), size: 1015808 (result: 0), SymType: '-nosymbols-', PDB: 'C:\Windows\system32\wbem\fastprox.dll', fileVersion: 10.0.22621.5415
C:\Windows\SYSTEM32\amsi.dll:amsi.dll (00007FFCE7720000), size: 118784 (result: 0), SymType: '-nosymbols-', PDB: 'C:\Windows\SYSTEM32\amsi.dll', fileVersion: 10.0.22621.3527
C:\ProgramData\Microsoft\Windows Defender\Platform\4.18.25110.6-0\MpOav.dll:MpOav.dll (00007FFCE5CD0000), size: 663552 (result: 0), SymType: '-nosymbols-', PDB: 'C:\ProgramData\Microsoft\Windows Defender\Platform\4.18.25110.6-0\MpOav.dll', fileVersion: 4.18.25110.6
C:\Windows\SYSTEM32\opencl.dll:opencl.dll (00007FFC327A0000), size: 516096 (result: 0), SymType: '-nosymbols-', PDB: 'C:\Windows\SYSTEM32\opencl.dll', fileVersion: 3.0.1.0
C:\Program Files\Unity\Hub\Editor\2022.3.18f1\Editor\radeonrays.dll:radeonrays.dll (00007FFC417F0000), size: 557056 (result: 0), SymType: '-nosymbols-', PDB: 'C:\Program Files\Unity\Hub\Editor\2022.3.18f1\Editor\radeonrays.dll'
C:\Program Files\Unity\Hub\Editor\2022.3.18f1\Editor\Data\MonoBleedingEdge\EmbedRuntime\mono-2.0-bdwgc.dll:mono-2.0-bdwgc.dll (00007FFC1B890000), size: 10825728 (result: 0), SymType: '-nosymbols-', PDB: 'C:\Program Files\Unity\Hub\Editor\2022.3.18f1\Editor\Data\MonoBleedingEdge\EmbedRuntime\mono-2.0-bdwgc.dll'
C:\Windows\SYSTEM32\dbghelp.dll:dbghelp.dll (00007FFCF9270000), size: 2306048 (result: 0), SymType: '-nosymbols-', PDB: 'C:\Windows\SYSTEM32\dbghelp.dll', fileVersion: 10.0.22621.5471
C:\Windows\System32\psapi.dll:psapi.dll (00007FFD03BA0000), size: 32768 (result: 0), SymType: '-nosymbols-', PDB: 'C:\Windows\System32\psapi.dll', fileVersion: 10.0.22621.1
  ERROR: SymGetSymFromAddr64, GetLastError: 'Yritettiin käyttää osoitetta, joka ei kelpaa.' (Address: 00007FFC1B900C0C)
0x00007FFC1B900C0C (mono-2.0-bdwgc) (function-name not available)
  ERROR: SymGetSymFromAddr64, GetLastError: 'Yritettiin käyttää osoitetta, joka ei kelpaa.' (Address: 00007FFC1B8EC822)
0x00007FFC1B8EC822 (mono-2.0-bdwgc) (function-name not available)
  ERROR: SymGetSymFromAddr64, GetLastError: 'Yritettiin käyttää osoitetta, joka ei kelpaa.' (Address: 00007FFC1B8EC888)
0x00007FFC1B8EC888 (mono-2.0-bdwgc) (function-name not available)
  ERROR: SymGetSymFromAddr64, GetLastError: 'Yritettiin käyttää osoitetta, joka ei kelpaa.' (Address: 00007FFC1BA13BD3)
0x00007FFC1BA13BD3 (mono-2.0-bdwgc) (function-name not available)
  ERROR: SymGetSymFromAddr64, GetLastError: 'Yritettiin käyttää osoitetta, joka ei kelpaa.' (Address: 00007FFC1B9E038F)
0x00007FFC1B9E038F (mono-2.0-bdwgc) (function-name not available)
  ERROR: SymGetSymFromAddr64, GetLastError: 'Yritettiin käyttää osoitetta, joka ei kelpaa.' (Address: 00007FFC1B961B34)
0x00007FFC1B961B34 (mono-2.0-bdwgc) (function-name not available)
  ERROR: SymGetSymFromAddr64, GetLastError: 'Yritettiin käyttää osoitetta, joka ei kelpaa.' (Address: 00007FFC1B95EC28)
0x00007FFC1B95EC28 (mono-2.0-bdwgc) (function-name not available)
  ERROR: SymGetSymFromAddr64, GetLastError: 'Yritettiin käyttää osoitetta, joka ei kelpaa.' (Address: 00007FFC1B9541C3)
0x00007FFC1B9541C3 (mono-2.0-bdwgc) (function-name not available)
  ERROR: SymGetSymFromAddr64, GetLastError: 'Yritettiin käyttää osoitetta, joka ei kelpaa.' (Address: 00007FF616F206A7)
0x00007FF616F206A7 (Unity) (function-name not available)
  ERROR: SymGetSymFromAddr64, GetLastError: 'Yritettiin käyttää osoitetta, joka ei kelpaa.' (Address: 00007FF616F9FAB3)
0x00007FF616F9FAB3 (Unity) (function-name not available)
  ERROR: SymGetSymFromAddr64, GetLastError: 'Yritettiin käyttää osoitetta, joka ei kelpaa.' (Address: 00007FF616F9E0DA)
0x00007FF616F9E0DA (Unity) (function-name not available)
  ERROR: SymGetSymFromAddr64, GetLastError: 'Yritettiin käyttää osoitetta, joka ei kelpaa.' (Address: 00007FF616F9F3E1)
0x00007FF616F9F3E1 (Unity) (function-name not available)
  ERROR: SymGetSymFromAddr64, GetLastError: 'Yritettiin käyttää osoitetta, joka ei kelpaa.' (Address: 00007FF616FA0779)
0x00007FF616FA0779 (Unity) (function-name not available)
  ERROR: SymGetSymFromAddr64, GetLastError: 'Yritettiin käyttää osoitetta, joka ei kelpaa.' (Address: 00007FF616F9D1E2)
0x00007FF616F9D1E2 (Unity) (function-name not available)
  ERROR: SymGetSymFromAddr64, GetLastError: 'Yritettiin käyttää osoitetta, joka ei kelpaa.' (Address: 00007FF616EE598F)
0x00007FF616EE598F (Unity) (function-name not available)
  ERROR: SymGetSymFromAddr64, GetLastError: 'Yritettiin käyttää osoitetta, joka ei kelpaa.' (Address: 00007FF616EEECB9)
0x00007FF616EEECB9 (Unity) (function-name not available)
  ERROR: SymGetSymFromAddr64, GetLastError: 'Yritettiin käyttää osoitetta, joka ei kelpaa.' (Address: 00007FF616EF1BEC)
0x00007FF616EF1BEC (Unity) (function-name not available)
  ERROR: SymGetSymFromAddr64, GetLastError: 'Yritettiin käyttää osoitetta, joka ei kelpaa.' (Address: 00007FF617E88182)
0x00007FF617E88182 (Unity) (function-name not available)
  ERROR: SymGetSymFromAddr64, GetLastError: 'Yritettiin käyttää osoitetta, joka ei kelpaa.' (Address: 00007FF617E88734)
0x00007FF617E88734 (Unity) (function-name not available)
  ERROR: SymGetSymFromAddr64, GetLastError: 'Yritettiin käyttää osoitetta, joka ei kelpaa.' (Address: 00007FF618387F2F)
0x00007FF618387F2F (Unity) (function-name not available)
  ERROR: SymGetSymFromAddr64, GetLastError: 'Yritettiin käyttää osoitetta, joka ei kelpaa.' (Address: 00007FF6183C2012)
0x00007FF6183C2012 (Unity) (function-name not available)
  ERROR: SymGetSymFromAddr64, GetLastError: 'Yritettiin käyttää osoitetta, joka ei kelpaa.' (Address: 00007FF6183ADFBE)
0x00007FF6183ADFBE (Unity) (function-name not available)
  ERROR: SymGetSymFromAddr64, GetLastError: 'Yritettiin käyttää osoitetta, joka ei kelpaa.' (Address: 00007FF6183AFBEE)
0x00007FF6183AFBEE (Unity) (function-name not available)
  ERROR: SymGetSymFromAddr64, GetLastError: 'Yritettiin käyttää osoitetta, joka ei kelpaa.' (Address: 00007FF6183C03BC)
0x00007FF6183C03BC (Unity) (function-name not available)
  ERROR: SymGetSymFromAddr64, GetLastError: 'Yritettiin käyttää osoitetta, joka ei kelpaa.' (Address: 00007FF618393F1F)
0x00007FF618393F1F (Unity) (function-name not available)
  ERROR: SymGetSymFromAddr64, GetLastError: 'Yritettiin käyttää osoitetta, joka ei kelpaa.' (Address: 00007FF61835EE57)
0x00007FF61835EE57 (Unity) (function-name not available)
  ERROR: SymGetSymFromAddr64, GetLastError: 'Yritettiin käyttää osoitetta, joka ei kelpaa.' (Address: 00007FF61835EEDB)
0x00007FF61835EEDB (Unity) (function-name not available)
  ERROR: SymGetSymFromAddr64, GetLastError: 'Yritettiin käyttää osoitetta, joka ei kelpaa.' (Address: 00007FF617B62DC1)
0x00007FF617B62DC1 (Unity) (function-name not available)
  ERROR: SymGetSymFromAddr64, GetLastError: 'Yritettiin käyttää osoitetta, joka ei kelpaa.' (Address: 00007FF617FEBE95)
0x00007FF617FEBE95 (Unity) (function-name not available)
  ERROR: SymGetSymFromAddr64, GetLastError: 'Yritettiin käyttää osoitetta, joka ei kelpaa.' (Address: 00007FF6193CBB6E)
0x00007FF6193CBB6E (Unity) (function-name not available)
  ERROR: SymGetSymFromAddr64, GetLastError: 'Yritettiin käyttää osoitetta, joka ei kelpaa.' (Address: 00007FFD04BA259D)
0x00007FFD04BA259D (KERNEL32) (function-name not available)
  ERROR: SymGetSymFromAddr64, GetLastError: 'Yritettiin käyttää osoitetta, joka ei kelpaa.' (Address: 00007FFD05A0AF78)
0x00007FFD05A0AF78 (ntdll) (function-name not available)

========== END OF STACKTRACE ===========

A crash has been intercepted by the crash handler. For call stack and other details, see the latest crash report generated in:
 * C:/Users/gr289381/AppData/Local/Temp/Unity/Editor/Crashes
