Using pre-set license
Built from '2022.3/release' branch; Version is '2022.3.18f1 (d29bea25151d) revision 13802474'; Using compiler version '192829333'; Build Type 'Release'
OS: 'Windows 11  (10.0.22631) 64bit Education' Language: 'fi' Physical Memory: 6990 MB
BatchMode: 1, IsHumanControllingUs: 0, StartBugReporterOnCrash: 0, Is64bit: 1, IsPro: 1

COMMAND LINE ARGUMENTS:
C:\Program Files\Unity\Hub\Editor\2022.3.18f1\Editor\Unity.exe
-adb2
-batchMode
-noUpm
-name
AssetImportWorker7
-projectPath
C:/Users/gr289381/OneDrive/Documents/moi/gamee/game
-logFile
Logs/AssetImportWorker7.log
-srvPort
63445
Successfully changed project path to: C:/Users/gr289381/OneDrive/Documents/moi/gamee/game
C:/Users/gr289381/OneDrive/Documents/moi/gamee/game
[UnityMemory] Configuration Parameters - Can be set up in boot.config
    "memorysetup-bucket-allocator-granularity=16"
    "memorysetup-bucket-allocator-bucket-count=8"
    "memorysetup-bucket-allocator-block-size=33554432"
    "memorysetup-bucket-allocator-block-count=8"
    "memorysetup-main-allocator-block-size=16777216"
    "memorysetup-thread-allocator-block-size=16777216"
    "memorysetup-gfx-main-allocator-block-size=16777216"
    "memorysetup-gfx-thread-allocator-block-size=16777216"
    "memorysetup-cache-allocator-block-size=4194304"
    "memorysetup-typetree-allocator-block-size=2097152"
    "memorysetup-profiler-bucket-allocator-granularity=16"
    "memorysetup-profiler-bucket-allocator-bucket-count=8"
    "memorysetup-profiler-bucket-allocator-block-size=33554432"
    "memorysetup-profiler-bucket-allocator-block-count=8"
    "memorysetup-profiler-allocator-block-size=16777216"
    "memorysetup-profiler-editor-allocator-block-size=1048576"
    "memorysetup-temp-allocator-size-main=16777216"
    "memorysetup-job-temp-allocator-block-size=2097152"
    "memorysetup-job-temp-allocator-block-size-background=1048576"
    "memorysetup-job-temp-allocator-reduction-small-platforms=262144"
    "memorysetup-allocator-temp-initial-block-size-main=262144"
    "memorysetup-allocator-temp-initial-block-size-worker=262144"
    "memorysetup-temp-allocator-size-background-worker=32768"
    "memorysetup-temp-allocator-size-job-worker=262144"
    "memorysetup-temp-allocator-size-preload-manager=33554432"
    "memorysetup-temp-allocator-size-nav-mesh-worker=65536"
    "memorysetup-temp-allocator-size-audio-worker=65536"
    "memorysetup-temp-allocator-size-cloud-worker=32768"
    "memorysetup-temp-allocator-size-gi-baking-worker=262144"
    "memorysetup-temp-allocator-size-gfx=262144"
Player connection [20880] Host "[IP] 192.168.0.10 [Port] 0 [Flags] 2 [Guid] 944796144 [EditorId] 944796144 [Version] 1048832 [Id] WindowsEditor(7,GR-173335) [Debug] 1 [PackageName] WindowsEditor [ProjectName] Editor" joined multi-casting on [225.0.0.222:54997]...

Player connection [20880] Host "[IP] 192.168.0.10 [Port] 0 [Flags] 2 [Guid] 944796144 [EditorId] 944796144 [Version] 1048832 [Id] WindowsEditor(7,GR-173335) [Debug] 1 [PackageName] WindowsEditor [ProjectName] Editor" joined alternative multi-casting on [225.0.0.222:34997]...

[Physics::Module] Initialized MultithreadedJobDispatcher with 7 workers.
received signal from system: SIGSEGV
Obtained 35 stack frames
0x00007ff6170083dd (Unity) 
0x00007ff61700d4a9 (Unity) 
0x00007ff617fe0021 (Unity) 
0x00007ff61700c8f6 (Unity) 
0x00007ff617007c0c (Unity) 
0x00007ff619424858 (Unity) udnSetPath
0x00007ff6194ebe18 (Unity) udnSetPath
0x00007ff6193ee1f0 (Unity) udnSetPath
0x00007ffd05a55edf (ntdll) _chkstk
0x00007ffd059ce8c6 (ntdll) RtlFindCharInUnicodeString
0x00007ffd05a54ede (ntdll) KiUserExceptionDispatcher
0x00007ff616810540 (Unity) 
0x00007ff61680f018 (Unity) 
0x00007ff61681dc5c (Unity) 
0x00007ff61680f731 (Unity) 
0x00007ff616819c1e (Unity) 
0x00007ff616846daf (Unity) 
0x00007ff617e6a87f (Unity) 
0x00007ff617e6a944 (Unity) 
0x00007ff617e6fbbc (Unity) 
0x00007ff6168442dd (Unity) 
0x00007ff616fbb768 (Unity) 
0x00007ff616fb18e6 (Unity) 
0x00007ff616fbbbf9 (Unity) 
0x00007ff616fbc3d1 (Unity) 
0x00007ff616fbc18c (Unity) 
0x00007ff6160fb0db (Unity) 
0x00007ff6182b701b (Unity) udnSetPath
0x00007ff6183512ba (Unity) udnSetPath
0x00007ff6182cec55 (Unity) udnSetPath
0x00007ff617b61880 (Unity) 
0x00007ff617febe95 (Unity) 
0x00007ff6193cbb6e (Unity) udnSetPath
0x00007ffd04ba259d (KERNEL32) BaseThreadInitThunk
0x00007ffd05a0af78 (ntdll) RtlUserThreadStart

Crash!!!
SymInit: Symbol-SearchPath: '.;C:\Users\gr289381\OneDrive\Documents\moi\gamee\game;C:\Users\gr289381\OneDrive\Documents\moi\gamee\game\Library\BurstCache\JIT;C:\Program Files\Unity\Hub\Editor\2022.3.18f1\Editor;C:\Windows;C:\Windows\system32;', symOptions: 534, UserName: 'gr289381'
OS-Version: 10.0.0
C:\Program Files\Unity\Hub\Editor\2022.3.18f1\Editor\Unity.exe:Unity.exe (00007FF615E30000), size: 82329600 (result: 0), SymType: '-exported-', PDB: 'C:\Program Files\Unity\Hub\Editor\2022.3.18f1\Editor\Unity.exe', fileVersion: 2022.3.18.39914
C:\Windows\SYSTEM32\ntdll.dll:ntdll.dll (00007FFD059B0000), size: 2195456 (result: 0), SymType: '-exported-', PDB: 'C:\Windows\SYSTEM32\ntdll.dll', fileVersion: 10.0.22621.6345
C:\Windows\System32\KERNEL32.DLL:KERNEL32.DLL (00007FFD04B90000), size: 802816 (result: 0), SymType: '-exported-', PDB: 'C:\Windows\System32\KERNEL32.DLL', fileVersion: 10.0.22621.5415
C:\Windows\System32\KERNELBASE.dll:KERNELBASE.dll (00007FFD02E50000), size: 3960832 (result: 0), SymType: '-exported-', PDB: 'C:\Windows\System32\KERNELBASE.dll', fileVersion: 10.0.22621.6274
C:\Windows\System32\CRYPT32.dll:CRYPT32.dll (00007FFD02AD0000), size: 1474560 (result: 0), SymType: '-exported-', PDB: 'C:\Windows\System32\CRYPT32.dll', fileVersion: 10.0.22621.5983
C:\Windows\System32\ucrtbase.dll:ucrtbase.dll (00007FFD03530000), size: 1118208 (result: 0), SymType: '-exported-', PDB: 'C:\Windows\System32\ucrtbase.dll', fileVersion: 10.0.22621.3593
C:\Windows\System32\USER32.dll:USER32.dll (00007FFD05520000), size: 1777664 (result: 0), SymType: '-exported-', PDB: 'C:\Windows\System32\USER32.dll', fileVersion: 10.0.22621.6199
C:\Windows\System32\win32u.dll:win32u.dll (00007FFD02C40000), size: 155648 (result: 0), SymType: '-nosymbols-', PDB: 'C:\Windows\System32\win32u.dll', fileVersion: 10.0.22621.6345
C:\Windows\System32\GDI32.dll:GDI32.dll (00007FFD04F70000), size: 167936 (result: 0), SymType: '-exported-', PDB: 'C:\Windows\System32\GDI32.dll', fileVersion: 10.0.22621.5697
C:\Windows\System32\gdi32full.dll:gdi32full.dll (00007FFD032D0000), size: 1159168 (result: 0), SymType: '-nosymbols-', PDB: 'C:\Windows\System32\gdi32full.dll', fileVersion: 10.0.22621.6133
C:\Program Files\Unity\Hub\Editor\2022.3.18f1\Editor\libfbxsdk.dll:libfbxsdk.dll (00007FFCD4580000), size: 10067968 (result: 0), SymType: '-nosymbols-', PDB: 'C:\Program Files\Unity\Hub\Editor\2022.3.18f1\Editor\libfbxsdk.dll', fileVersion: 2020.3.3.0
C:\Windows\System32\ADVAPI32.dll:ADVAPI32.dll (00007FFD05830000), size: 724992 (result: 0), SymType: '-nosymbols-', PDB: 'C:\Windows\System32\ADVAPI32.dll', fileVersion: 10.0.22621.5909
C:\Windows\System32\msvcrt.dll:msvcrt.dll (00007FFD04C60000), size: 684032 (result: 0), SymType: '-nosymbols-', PDB: 'C:\Windows\System32\msvcrt.dll', fileVersion: 7.0.22621.2506
C:\Windows\System32\sechost.dll:sechost.dll (00007FFD04FF0000), size: 688128 (result: 0), SymType: '-nosymbols-', PDB: 'C:\Windows\System32\sechost.dll', fileVersion: 10.0.22621.5909
C:\Windows\System32\bcrypt.dll:bcrypt.dll (00007FFD03220000), size: 163840 (result: 0), SymType: '-nosymbols-', PDB: 'C:\Windows\System32\bcrypt.dll', fileVersion: 10.0.22621.4746
C:\Windows\System32\RPCRT4.dll:RPCRT4.dll (00007FFD041B0000), size: 1146880 (result: 0), SymType: '-nosymbols-', PDB: 'C:\Windows\System32\RPCRT4.dll', fileVersion: 10.0.22621.5840
C:\Windows\System32\msvcp_win.dll:msvcp_win.dll (00007FFD02D30000), size: 630784 (result: 0), SymType: '-exported-', PDB: 'C:\Windows\System32\msvcp_win.dll', fileVersion: 10.0.22621.3374
C:\Program Files\Unity\Hub\Editor\2022.3.18f1\Editor\s3tcompress.dll:s3tcompress.dll (00007FFCFF7C0000), size: 180224 (result: 0), SymType: '-nosymbols-', PDB: 'C:\Program Files\Unity\Hub\Editor\2022.3.18f1\Editor\s3tcompress.dll'
C:\Program Files\Unity\Hub\Editor\2022.3.18f1\Editor\etccompress.dll:etccompress.dll (00007FFC23080000), size: 5066752 (result: 0), SymType: '-nosymbols-', PDB: 'C:\Program Files\Unity\Hub\Editor\2022.3.18f1\Editor\etccompress.dll'
C:\Program Files\Unity\Hub\Editor\2022.3.18f1\Editor\ispc_texcomp.dll:ispc_texcomp.dll (00007FFCD43C0000), size: 1826816 (result: 0), SymType: '-nosymbols-', PDB: 'C:\Program Files\Unity\Hub\Editor\2022.3.18f1\Editor\ispc_texcomp.dll'
C:\Program Files\Unity\Hub\Editor\2022.3.18f1\Editor\compress_bc7e.dll:compress_bc7e.dll (00007FFCD1170000), size: 1433600 (result: 0), SymType: '-nosymbols-', PDB: 'C:\Program Files\Unity\Hub\Editor\2022.3.18f1\Editor\compress_bc7e.dll'
C:\Program Files\Unity\Hub\Editor\2022.3.18f1\Editor\FreeImage.dll:FreeImage.dll (0000000180000000), size: 6582272 (result: 0), SymType: '-nosymbols-', PDB: 'C:\Program Files\Unity\Hub\Editor\2022.3.18f1\Editor\FreeImage.dll', fileVersion: 3.18.0.0
C:\Windows\System32\WS2_32.dll:WS2_32.dll (00007FFD04D20000), size: 462848 (result: 0), SymType: '-nosymbols-', PDB: 'C:\Windows\System32\WS2_32.dll', fileVersion: 10.0.22621.4746
C:\Windows\System32\SHELL32.dll:SHELL32.dll (00007FFD042D0000), size: 9027584 (result: 0), SymType: '-nosymbols-', PDB: 'C:\Windows\System32\SHELL32.dll', fileVersion: 10.0.22621.6274
C:\Program Files\Unity\Hub\Editor\2022.3.18f1\Editor\WinPixEventRuntime.dll:WinPixEventRuntime.dll (00007FFCFF7F0000), size: 45056 (result: 0), SymType: '-nosymbols-', PDB: 'C:\Program Files\Unity\Hub\Editor\2022.3.18f1\Editor\WinPixEventRuntime.dll', fileVersion: 1.0.1812.6001
C:\Windows\System32\wintypes.dll:wintypes.dll (00007FFD033F0000), size: 1306624 (result: 0), SymType: '-nosymbols-', PDB: 'C:\Windows\System32\wintypes.dll', fileVersion: 10.0.22621.6133
C:\Windows\System32\combase.dll:combase.dll (00007FFD03650000), size: 3739648 (result: 0), SymType: '-nosymbols-', PDB: 'C:\Windows\System32\combase.dll', fileVersion: 10.0.22621.6133
C:\Program Files\Unity\Hub\Editor\2022.3.18f1\Editor\umbraoptimizer64.dll:umbraoptimizer64.dll (00007FFCD9D20000), size: 1187840 (result: 0), SymType: '-nosymbols-', PDB: 'C:\Program Files\Unity\Hub\Editor\2022.3.18f1\Editor\umbraoptimizer64.dll'
C:\Windows\System32\SHLWAPI.dll:SHLWAPI.dll (00007FFD03CC0000), size: 430080 (result: 0), SymType: '-nosymbols-', PDB: 'C:\Windows\System32\SHLWAPI.dll', fileVersion: 10.0.22621.5983
C:\Windows\System32\ole32.dll:ole32.dll (00007FFD039F0000), size: 1708032 (result: 0), SymType: '-nosymbols-', PDB: 'C:\Windows\System32\ole32.dll', fileVersion: 10.0.22621.6199
C:\Windows\System32\IMM32.dll:IMM32.dll (00007FFD03FB0000), size: 200704 (result: 0), SymType: '-nosymbols-', PDB: 'C:\Windows\System32\IMM32.dll', fileVersion: 10.0.22621.5697
C:\Windows\System32\SETUPAPI.dll:SETUPAPI.dll (00007FFD050A0000), size: 4669440 (result: 0), SymType: '-nosymbols-', PDB: 'C:\Windows\System32\SETUPAPI.dll', fileVersion: 10.0.22621.2506
C:\Windows\System32\OLEAUT32.dll:OLEAUT32.dll (00007FFD04DA0000), size: 884736 (result: 0), SymType: '-nosymbols-', PDB: 'C:\Windows\System32\OLEAUT32.dll', fileVersion: 10.0.22621.5697
C:\Windows\System32\WINTRUST.dll:WINTRUST.dll (00007FFD02DD0000), size: 507904 (result: 0), SymType: '-exported-', PDB: 'C:\Windows\System32\WINTRUST.dll', fileVersion: 10.0.22621.6060
C:\Windows\SYSTEM32\MSVCP140.dll:MSVCP140.dll (00007FFCEF180000), size: 561152 (result: 0), SymType: '-nosymbols-', PDB: 'C:\Windows\SYSTEM32\MSVCP140.dll', fileVersion: 14.44.35211.0
C:\Windows\SYSTEM32\VCRUNTIME140.dll:VCRUNTIME140.dll (00007FFCF3E60000), size: 122880 (result: 0), SymType: '-nosymbols-', PDB: 'C:\Windows\SYSTEM32\VCRUNTIME140.dll', fileVersion: 14.44.35211.0
C:\Windows\SYSTEM32\OPENGL32.dll:OPENGL32.dll (00007FFC3D750000), size: 1048576 (result: 0), SymType: '-nosymbols-', PDB: 'C:\Windows\SYSTEM32\OPENGL32.dll', fileVersion: 10.0.22621.5415
C:\Windows\SYSTEM32\IPHLPAPI.DLL:IPHLPAPI.DLL (00007FFD00FE0000), size: 184320 (result: 0), SymType: '-nosymbols-', PDB: 'C:\Windows\SYSTEM32\IPHLPAPI.DLL', fileVersion: 10.0.22621.1
C:\Windows\SYSTEM32\WINHTTP.dll:WINHTTP.dll (00007FFD019B0000), size: 1228800 (result: 0), SymType: '-nosymbols-', PDB: 'C:\Windows\SYSTEM32\WINHTTP.dll', fileVersion: 10.0.22621.4830
C:\Windows\SYSTEM32\WINMM.dll:WINMM.dll (00007FFCFBFF0000), size: 212992 (result: 0), SymType: '-nosymbols-', PDB: 'C:\Windows\SYSTEM32\WINMM.dll', fileVersion: 10.0.22621.5415
C:\Windows\SYSTEM32\HID.DLL:HID.DLL (00007FFD00D90000), size: 57344 (result: 0), SymType: '-nosymbols-', PDB: 'C:\Windows\SYSTEM32\HID.DLL', fileVersion: 10.0.22621.1
C:\Program Files\Unity\Hub\Editor\2022.3.18f1\Editor\SketchUpAPI.dll:SketchUpAPI.dll (00007FFC1DE80000), size: 8990720 (result: 0), SymType: '-nosymbols-', PDB: 'C:\Program Files\Unity\Hub\Editor\2022.3.18f1\Editor\SketchUpAPI.dll', fileVersion: 23.0.0.0
C:\Windows\SYSTEM32\VERSION.dll:VERSION.dll (00007FFD01570000), size: 40960 (result: 0), SymType: '-exported-', PDB: 'C:\Windows\SYSTEM32\VERSION.dll', fileVersion: 10.0.22621.1
C:\Windows\SYSTEM32\GLU32.dll:GLU32.dll (00007FFC3D2A0000), size: 184320 (result: 0), SymType: '-nosymbols-', PDB: 'C:\Windows\SYSTEM32\GLU32.dll', fileVersion: 10.0.22621.2506
C:\Windows\SYSTEM32\WSOCK32.dll:WSOCK32.dll (00007FFCDB420000), size: 36864 (result: 0), SymType: '-nosymbols-', PDB: 'C:\Windows\SYSTEM32\WSOCK32.dll', fileVersion: 10.0.22621.1
C:\Windows\SYSTEM32\dwmapi.dll:dwmapi.dll (00007FFCFFDF0000), size: 176128 (result: 0), SymType: '-nosymbols-', PDB: 'C:\Windows\SYSTEM32\dwmapi.dll', fileVersion: 10.0.22621.5697
C:\Windows\SYSTEM32\VCRUNTIME140_1.dll:VCRUNTIME140_1.dll (00007FFCF3E50000), size: 49152 (result: 0), SymType: '-nosymbols-', PDB: 'C:\Windows\SYSTEM32\VCRUNTIME140_1.dll', fileVersion: 14.44.35211.0
C:\Program Files\Unity\Hub\Editor\2022.3.18f1\Editor\SketchUpCommonPreferences.dll:SketchUpCommonPreferences.dll (00007FFCE0280000), size: 499712 (result: 0), SymType: '-nosymbols-', PDB: 'C:\Program Files\Unity\Hub\Editor\2022.3.18f1\Editor\SketchUpCommonPreferences.dll', fileVersion: 23.0.0.0
C:\Windows\SYSTEM32\Secur32.dll:Secur32.dll (00007FFD01780000), size: 49152 (result: 0), SymType: '-nosymbols-', PDB: 'C:\Windows\SYSTEM32\Secur32.dll', fileVersion: 10.0.22621.1
C:\Windows\SYSTEM32\dxcore.dll:dxcore.dll (00007FFCFFC80000), size: 225280 (result: 0), SymType: '-nosymbols-', PDB: 'C:\Windows\SYSTEM32\dxcore.dll', fileVersion: 10.0.22621.5415
C:\Windows\SYSTEM32\SSPICLI.DLL:SSPICLI.DLL (00007FFD01D20000), size: 274432 (result: 0), SymType: '-nosymbols-', PDB: 'C:\Windows\SYSTEM32\SSPICLI.DLL', fileVersion: 10.0.22621.5909
C:\Program Files\Unity\Hub\Editor\2022.3.18f1\Editor\OpenRL.dll:OpenRL.dll (000001C87E490000), size: 12779520 (result: 0), SymType: '-nosymbols-', PDB: 'C:\Program Files\Unity\Hub\Editor\2022.3.18f1\Editor\OpenRL.dll', fileVersion: 1.5.0.2907
C:\Windows\SYSTEM32\MSVCP100.dll:MSVCP100.dll (000000005E910000), size: 622592 (result: 0), SymType: '-nosymbols-', PDB: 'C:\Windows\SYSTEM32\MSVCP100.dll', fileVersion: 10.0.40219.325
C:\Windows\SYSTEM32\MSVCR100.dll:MSVCR100.dll (000000005E9B0000), size: 860160 (result: 0), SymType: '-exported-', PDB: 'C:\Windows\SYSTEM32\MSVCR100.dll', fileVersion: 10.0.40219.325
C:\Program Files\Unity\Hub\Editor\2022.3.18f1\Editor\embree.dll:embree.dll (00007FFC1C2F0000), size: 16711680 (result: 0), SymType: '-nosymbols-', PDB: 'C:\Program Files\Unity\Hub\Editor\2022.3.18f1\Editor\embree.dll', fileVersion: 2.14.0.0
C:\Windows\SYSTEM32\cfgmgr32.DLL:cfgmgr32.DLL (00007FFD026D0000), size: 319488 (result: 0), SymType: '-nosymbols-', PDB: 'C:\Windows\SYSTEM32\cfgmgr32.DLL', fileVersion: 10.0.22621.2506
C:\Program Files\Unity\Hub\Editor\2022.3.18f1\Editor\tbb.dll:tbb.dll (00007FFCFF600000), size: 413696 (result: 0), SymType: '-nosymbols-', PDB: 'C:\Program Files\Unity\Hub\Editor\2022.3.18f1\Editor\tbb.dll', fileVersion: 2017.0.2016.1004
C:\Windows\SYSTEM32\MSWSOCK.DLL:MSWSOCK.DLL (00007FFD01F80000), size: 430080 (result: 0), SymType: '-nosymbols-', PDB: 'C:\Windows\SYSTEM32\MSWSOCK.DLL', fileVersion: 10.0.22621.5413
C:\Windows\SYSTEM32\MSVCP120.dll:MSVCP120.dll (00007FFCD4310000), size: 679936 (result: 0), SymType: '-nosymbols-', PDB: 'C:\Windows\SYSTEM32\MSVCP120.dll', fileVersion: 12.0.40649.5
C:\Windows\SYSTEM32\MSVCR120.dll:MSVCR120.dll (00007FFCD7D90000), size: 978944 (result: 0), SymType: '-nosymbols-', PDB: 'C:\Windows\SYSTEM32\MSVCR120.dll', fileVersion: 12.0.40649.5
C:\Program Files\Unity\Hub\Editor\2022.3.18f1\Editor\OpenRL_pthread.dll:OpenRL_pthread.dll (000001C87F0E0000), size: 61440 (result: 0), SymType: '-nosymbols-', PDB: 'C:\Program Files\Unity\Hub\Editor\2022.3.18f1\Editor\OpenRL_pthread.dll', fileVersion: 2.9.0.0
C:\Windows\SYSTEM32\MSASN1.dll:MSASN1.dll (00007FFD02680000), size: 73728 (result: 0), SymType: '-nosymbols-', PDB: 'C:\Windows\SYSTEM32\MSASN1.dll', fileVersion: 10.0.22621.2506
C:\Windows\System32\bcryptprimitives.dll:bcryptprimitives.dll (00007FFD03250000), size: 503808 (result: 0), SymType: '-nosymbols-', PDB: 'C:\Windows\System32\bcryptprimitives.dll', fileVersion: 10.0.22621.4317
C:\Windows\SYSTEM32\kernel.appcore.dll:kernel.appcore.dll (00007FFD01990000), size: 98304 (result: 0), SymType: '-nosymbols-', PDB: 'C:\Windows\SYSTEM32\kernel.appcore.dll', fileVersion: 10.0.22621.3958
C:\Windows\system32\uxtheme.dll:uxtheme.dll (00007FFCFFB80000), size: 733184 (result: 0), SymType: '-nosymbols-', PDB: 'C:\Windows\system32\uxtheme.dll', fileVersion: 10.0.22621.5983
C:\Windows\SYSTEM32\windows.storage.dll:windows.storage.dll (00007FFD00470000), size: 9543680 (result: 0), SymType: '-nosymbols-', PDB: 'C:\Windows\SYSTEM32\windows.storage.dll', fileVersion: 10.0.22621.6345
C:\Windows\System32\SHCORE.dll:SHCORE.dll (00007FFD03BB0000), size: 1064960 (result: 0), SymType: '-nosymbols-', PDB: 'C:\Windows\System32\SHCORE.dll', fileVersion: 10.0.22621.6345
C:\Windows\SYSTEM32\profapi.dll:profapi.dll (00007FFD02A00000), size: 151552 (result: 0), SymType: '-nosymbols-', PDB: 'C:\Windows\SYSTEM32\profapi.dll', fileVersion: 10.0.22621.5840
C:\Windows\system32\IconCodecService.dll:IconCodecService.dll (00007FFCFCA10000), size: 36864 (result: 0), SymType: '-nosymbols-', PDB: 'C:\Windows\system32\IconCodecService.dll', fileVersion: 10.0.22621.1
C:\Windows\SYSTEM32\WindowsCodecs.dll:WindowsCodecs.dll (00007FFCFF900000), size: 1777664 (result: 0), SymType: '-nosymbols-', PDB: 'C:\Windows\SYSTEM32\WindowsCodecs.dll', fileVersion: 10.0.22621.6133
C:\Windows\System32\clbcatq.dll:clbcatq.dll (00007FFD05760000), size: 720896 (result: 0), SymType: '-nosymbols-', PDB: 'C:\Windows\System32\clbcatq.dll', fileVersion: 2001.12.10941.16384
C:\Windows\System32\netprofm.dll:netprofm.dll (00007FFCFEF40000), size: 491520 (result: 0), SymType: '-nosymbols-', PDB: 'C:\Windows\System32\netprofm.dll', fileVersion: 10.0.22621.3527
C:\Windows\System32\npmproxy.dll:npmproxy.dll (00007FFCF8F20000), size: 98304 (result: 0), SymType: '-nosymbols-', PDB: 'C:\Windows\System32\npmproxy.dll', fileVersion: 10.0.22621.3527
C:\Windows\System32\NSI.dll:NSI.dll (00007FFD05750000), size: 36864 (result: 0), SymType: '-nosymbols-', PDB: 'C:\Windows\System32\NSI.dll', fileVersion: 10.0.22621.4746
C:\Windows\SYSTEM32\dhcpcsvc6.DLL:dhcpcsvc6.DLL (00007FFCFCC70000), size: 102400 (result: 0), SymType: '-nosymbols-', PDB: 'C:\Windows\SYSTEM32\dhcpcsvc6.DLL', fileVersion: 10.0.22621.2506
C:\Windows\SYSTEM32\dhcpcsvc.DLL:dhcpcsvc.DLL (00007FFCFAAF0000), size: 126976 (result: 0), SymType: '-nosymbols-', PDB: 'C:\Windows\SYSTEM32\dhcpcsvc.DLL', fileVersion: 10.0.22621.2506
C:\Windows\SYSTEM32\DNSAPI.dll:DNSAPI.dll (00007FFD01010000), size: 1015808 (result: 0), SymType: '-nosymbols-', PDB: 'C:\Windows\SYSTEM32\DNSAPI.dll', fileVersion: 10.0.22621.5262
C:\Windows\system32\napinsp.dll:napinsp.dll (00007FFCD1E60000), size: 94208 (result: 0), SymType: '-nosymbols-', PDB: 'C:\Windows\system32\napinsp.dll', fileVersion: 10.0.22621.1
C:\Windows\system32\pnrpnsp.dll:pnrpnsp.dll (00007FFCD1C20000), size: 110592 (result: 0), SymType: '-nosymbols-', PDB: 'C:\Windows\system32\pnrpnsp.dll', fileVersion: 10.0.22621.1
C:\Windows\System32\winrnr.dll:winrnr.dll (00007FFCD1C00000), size: 69632 (result: 0), SymType: '-nosymbols-', PDB: 'C:\Windows\System32\winrnr.dll', fileVersion: 10.0.22621.1
C:\Windows\system32\wshbth.dll:wshbth.dll (00007FFCF90D0000), size: 86016 (result: 0), SymType: '-nosymbols-', PDB: 'C:\Windows\system32\wshbth.dll', fileVersion: 10.0.22621.5840
C:\Windows\system32\nlansp_c.dll:nlansp_c.dll (00007FFCD1C40000), size: 135168 (result: 0), SymType: '-nosymbols-', PDB: 'C:\Windows\system32\nlansp_c.dll', fileVersion: 10.0.22621.5331
C:\Windows\System32\fwpuclnt.dll:fwpuclnt.dll (00007FFCF8FC0000), size: 540672 (result: 0), SymType: '-nosymbols-', PDB: 'C:\Windows\System32\fwpuclnt.dll', fileVersion: 10.0.22621.6274
C:\Windows\System32\rasadhlp.dll:rasadhlp.dll (00007FFCEC1A0000), size: 40960 (result: 0), SymType: '-nosymbols-', PDB: 'C:\Windows\System32\rasadhlp.dll', fileVersion: 10.0.22621.6199
C:\Program Files\Unity\Hub\Editor\2022.3.18f1\Editor\NVUnityPlugin.DLL:NVUnityPlugin.DLL (00007FFC19C50000), size: 1519616 (result: 0), SymType: '-nosymbols-', PDB: 'C:\Program Files\Unity\Hub\Editor\2022.3.18f1\Editor\NVUnityPlugin.DLL'
C:\Program Files\Unity\Hub\Editor\2022.3.18f1\Editor\Data\Tools\astcenc-avx2.dll:astcenc-avx2.dll (00007FFC19BC0000), size: 540672 (result: 0), SymType: '-nosymbols-', PDB: 'C:\Program Files\Unity\Hub\Editor\2022.3.18f1\Editor\Data\Tools\astcenc-avx2.dll'
C:\Windows\System32\MMDevApi.dll:MMDevApi.dll (00007FFCEEAC0000), size: 638976 (result: 0), SymType: '-nosymbols-', PDB: 'C:\Windows\System32\MMDevApi.dll', fileVersion: 10.0.22621.5547
C:\Windows\System32\DEVOBJ.dll:DEVOBJ.dll (00007FFD026A0000), size: 180224 (result: 0), SymType: '-nosymbols-', PDB: 'C:\Windows\System32\DEVOBJ.dll', fileVersion: 10.0.22621.2506
C:\Windows\SYSTEM32\dbghelp.dll:dbghelp.dll (00007FFCF9270000), size: 2306048 (result: 0), SymType: '-nosymbols-', PDB: 'C:\Windows\SYSTEM32\dbghelp.dll', fileVersion: 10.0.22621.5471

========== OUTPUTTING STACK TRACE ==================

SymInit: Symbol-SearchPath: '.;C:\Users\gr289381\OneDrive\Documents\moi\gamee\game;C:\Users\gr289381\OneDrive\Documents\moi\gamee\game\Library\BurstCache\JIT;C:\Program Files\Unity\Hub\Editor\2022.3.18f1\Editor;C:\Windows;C:\Windows\system32;', symOptions: 534, UserName: 'gr289381'
OS-Version: 10.0.0
C:\Program Files\Unity\Hub\Editor\2022.3.18f1\Editor\Unity.exe:Unity.exe (00007FF615E30000), size: 82329600 (result: 0), SymType: '-exported-', PDB: 'C:\Program Files\Unity\Hub\Editor\2022.3.18f1\Editor\Unity.exe', fileVersion: 2022.3.18.39914
C:\Windows\SYSTEM32\ntdll.dll:ntdll.dll (00007FFD059B0000), size: 2195456 (result: 0), SymType: '-exported-', PDB: 'C:\Windows\SYSTEM32\ntdll.dll', fileVersion: 10.0.22621.6345
C:\Windows\System32\KERNEL32.DLL:KERNEL32.DLL (00007FFD04B90000), size: 802816 (result: 0), SymType: '-exported-', PDB: 'C:\Windows\System32\KERNEL32.DLL', fileVersion: 10.0.22621.5415
C:\Windows\System32\KERNELBASE.dll:KERNELBASE.dll (00007FFD02E50000), size: 3960832 (result: 0), SymType: '-exported-', PDB: 'C:\Windows\System32\KERNELBASE.dll', fileVersion: 10.0.22621.6274
C:\Windows\System32\CRYPT32.dll:CRYPT32.dll (00007FFD02AD0000), size: 1474560 (result: 0), SymType: '-exported-', PDB: 'C:\Windows\System32\CRYPT32.dll', fileVersion: 10.0.22621.5983
C:\Windows\System32\ucrtbase.dll:ucrtbase.dll (00007FFD03530000), size: 1118208 (result: 0), SymType: '-exported-', PDB: 'C:\Windows\System32\ucrtbase.dll', fileVersion: 10.0.22621.3593
C:\Windows\System32\USER32.dll:USER32.dll (00007FFD05520000), size: 1777664 (result: 0), SymType: '-exported-', PDB: 'C:\Windows\System32\USER32.dll', fileVersion: 10.0.22621.6199
C:\Windows\System32\win32u.dll:win32u.dll (00007FFD02C40000), size: 155648 (result: 0), SymType: '-nosymbols-', PDB: 'C:\Windows\System32\win32u.dll', fileVersion: 10.0.22621.6345
C:\Windows\System32\GDI32.dll:GDI32.dll (00007FFD04F70000), size: 167936 (result: 0), SymType: '-exported-', PDB: 'C:\Windows\System32\GDI32.dll', fileVersion: 10.0.22621.5697
C:\Windows\System32\gdi32full.dll:gdi32full.dll (00007FFD032D0000), size: 1159168 (result: 0), SymType: '-nosymbols-', PDB: 'C:\Windows\System32\gdi32full.dll', fileVersion: 10.0.22621.6133
C:\Program Files\Unity\Hub\Editor\2022.3.18f1\Editor\libfbxsdk.dll:libfbxsdk.dll (00007FFCD4580000), size: 10067968 (result: 0), SymType: '-nosymbols-', PDB: 'C:\Program Files\Unity\Hub\Editor\2022.3.18f1\Editor\libfbxsdk.dll', fileVersion: 2020.3.3.0
C:\Windows\System32\ADVAPI32.dll:ADVAPI32.dll (00007FFD05830000), size: 724992 (result: 0), SymType: '-nosymbols-', PDB: 'C:\Windows\System32\ADVAPI32.dll', fileVersion: 10.0.22621.5909
C:\Windows\System32\msvcrt.dll:msvcrt.dll (00007FFD04C60000), size: 684032 (result: 0), SymType: '-nosymbols-', PDB: 'C:\Windows\System32\msvcrt.dll', fileVersion: 7.0.22621.2506
C:\Windows\System32\sechost.dll:sechost.dll (00007FFD04FF0000), size: 688128 (result: 0), SymType: '-nosymbols-', PDB: 'C:\Windows\System32\sechost.dll', fileVersion: 10.0.22621.5909
C:\Windows\System32\bcrypt.dll:bcrypt.dll (00007FFD03220000), size: 163840 (result: 0), SymType: '-nosymbols-', PDB: 'C:\Windows\System32\bcrypt.dll', fileVersion: 10.0.22621.4746
C:\Windows\System32\RPCRT4.dll:RPCRT4.dll (00007FFD041B0000), size: 1146880 (result: 0), SymType: '-nosymbols-', PDB: 'C:\Windows\System32\RPCRT4.dll', fileVersion: 10.0.22621.5840
C:\Windows\System32\msvcp_win.dll:msvcp_win.dll (00007FFD02D30000), size: 630784 (result: 0), SymType: '-exported-', PDB: 'C:\Windows\System32\msvcp_win.dll', fileVersion: 10.0.22621.3374
C:\Program Files\Unity\Hub\Editor\2022.3.18f1\Editor\s3tcompress.dll:s3tcompress.dll (00007FFCFF7C0000), size: 180224 (result: 0), SymType: '-nosymbols-', PDB: 'C:\Program Files\Unity\Hub\Editor\2022.3.18f1\Editor\s3tcompress.dll'
C:\Program Files\Unity\Hub\Editor\2022.3.18f1\Editor\etccompress.dll:etccompress.dll (00007FFC23080000), size: 5066752 (result: 0), SymType: '-nosymbols-', PDB: 'C:\Program Files\Unity\Hub\Editor\2022.3.18f1\Editor\etccompress.dll'
C:\Program Files\Unity\Hub\Editor\2022.3.18f1\Editor\ispc_texcomp.dll:ispc_texcomp.dll (00007FFCD43C0000), size: 1826816 (result: 0), SymType: '-nosymbols-', PDB: 'C:\Program Files\Unity\Hub\Editor\2022.3.18f1\Editor\ispc_texcomp.dll'
C:\Program Files\Unity\Hub\Editor\2022.3.18f1\Editor\compress_bc7e.dll:compress_bc7e.dll (00007FFCD1170000), size: 1433600 (result: 0), SymType: '-nosymbols-', PDB: 'C:\Program Files\Unity\Hub\Editor\2022.3.18f1\Editor\compress_bc7e.dll'
C:\Program Files\Unity\Hub\Editor\2022.3.18f1\Editor\FreeImage.dll:FreeImage.dll (0000000180000000), size: 6582272 (result: 0), SymType: '-nosymbols-', PDB: 'C:\Program Files\Unity\Hub\Editor\2022.3.18f1\Editor\FreeImage.dll', fileVersion: 3.18.0.0
C:\Windows\System32\WS2_32.dll:WS2_32.dll (00007FFD04D20000), size: 462848 (result: 0), SymType: '-nosymbols-', PDB: 'C:\Windows\System32\WS2_32.dll', fileVersion: 10.0.22621.4746
C:\Windows\System32\SHELL32.dll:SHELL32.dll (00007FFD042D0000), size: 9027584 (result: 0), SymType: '-nosymbols-', PDB: 'C:\Windows\System32\SHELL32.dll', fileVersion: 10.0.22621.6274
C:\Program Files\Unity\Hub\Editor\2022.3.18f1\Editor\WinPixEventRuntime.dll:WinPixEventRuntime.dll (00007FFCFF7F0000), size: 45056 (result: 0), SymType: '-nosymbols-', PDB: 'C:\Program Files\Unity\Hub\Editor\2022.3.18f1\Editor\WinPixEventRuntime.dll', fileVersion: 1.0.1812.6001
C:\Windows\System32\wintypes.dll:wintypes.dll (00007FFD033F0000), size: 1306624 (result: 0), SymType: '-nosymbols-', PDB: 'C:\Windows\System32\wintypes.dll', fileVersion: 10.0.22621.6133
C:\Windows\System32\combase.dll:combase.dll (00007FFD03650000), size: 3739648 (result: 0), SymType: '-nosymbols-', PDB: 'C:\Windows\System32\combase.dll', fileVersion: 10.0.22621.6133
C:\Program Files\Unity\Hub\Editor\2022.3.18f1\Editor\umbraoptimizer64.dll:umbraoptimizer64.dll (00007FFCD9D20000), size: 1187840 (result: 0), SymType: '-nosymbols-', PDB: 'C:\Program Files\Unity\Hub\Editor\2022.3.18f1\Editor\umbraoptimizer64.dll'
C:\Windows\System32\SHLWAPI.dll:SHLWAPI.dll (00007FFD03CC0000), size: 430080 (result: 0), SymType: '-nosymbols-', PDB: 'C:\Windows\System32\SHLWAPI.dll', fileVersion: 10.0.22621.5983
C:\Windows\System32\ole32.dll:ole32.dll (00007FFD039F0000), size: 1708032 (result: 0), SymType: '-nosymbols-', PDB: 'C:\Windows\System32\ole32.dll', fileVersion: 10.0.22621.6199
C:\Windows\System32\IMM32.dll:IMM32.dll (00007FFD03FB0000), size: 200704 (result: 0), SymType: '-nosymbols-', PDB: 'C:\Windows\System32\IMM32.dll', fileVersion: 10.0.22621.5697
C:\Windows\System32\SETUPAPI.dll:SETUPAPI.dll (00007FFD050A0000), size: 4669440 (result: 0), SymType: '-nosymbols-', PDB: 'C:\Windows\System32\SETUPAPI.dll', fileVersion: 10.0.22621.2506
C:\Windows\System32\OLEAUT32.dll:OLEAUT32.dll (00007FFD04DA0000), size: 884736 (result: 0), SymType: '-nosymbols-', PDB: 'C:\Windows\System32\OLEAUT32.dll', fileVersion: 10.0.22621.5697
C:\Windows\System32\WINTRUST.dll:WINTRUST.dll (00007FFD02DD0000), size: 507904 (result: 0), SymType: '-exported-', PDB: 'C:\Windows\System32\WINTRUST.dll', fileVersion: 10.0.22621.6060
C:\Windows\SYSTEM32\MSVCP140.dll:MSVCP140.dll (00007FFCEF180000), size: 561152 (result: 0), SymType: '-nosymbols-', PDB: 'C:\Windows\SYSTEM32\MSVCP140.dll', fileVersion: 14.44.35211.0
C:\Windows\SYSTEM32\VCRUNTIME140.dll:VCRUNTIME140.dll (00007FFCF3E60000), size: 122880 (result: 0), SymType: '-nosymbols-', PDB: 'C:\Windows\SYSTEM32\VCRUNTIME140.dll', fileVersion: 14.44.35211.0
C:\Windows\SYSTEM32\OPENGL32.dll:OPENGL32.dll (00007FFC3D750000), size: 1048576 (result: 0), SymType: '-nosymbols-', PDB: 'C:\Windows\SYSTEM32\OPENGL32.dll', fileVersion: 10.0.22621.5415
C:\Windows\SYSTEM32\IPHLPAPI.DLL:IPHLPAPI.DLL (00007FFD00FE0000), size: 184320 (result: 0), SymType: '-nosymbols-', PDB: 'C:\Windows\SYSTEM32\IPHLPAPI.DLL', fileVersion: 10.0.22621.1
C:\Windows\SYSTEM32\WINHTTP.dll:WINHTTP.dll (00007FFD019B0000), size: 1228800 (result: 0), SymType: '-nosymbols-', PDB: 'C:\Windows\SYSTEM32\WINHTTP.dll', fileVersion: 10.0.22621.4830
C:\Windows\SYSTEM32\WINMM.dll:WINMM.dll (00007FFCFBFF0000), size: 212992 (result: 0), SymType: '-nosymbols-', PDB: 'C:\Windows\SYSTEM32\WINMM.dll', fileVersion: 10.0.22621.5415
C:\Windows\SYSTEM32\HID.DLL:HID.DLL (00007FFD00D90000), size: 57344 (result: 0), SymType: '-nosymbols-', PDB: 'C:\Windows\SYSTEM32\HID.DLL', fileVersion: 10.0.22621.1
C:\Program Files\Unity\Hub\Editor\2022.3.18f1\Editor\SketchUpAPI.dll:SketchUpAPI.dll (00007FFC1DE80000), size: 8990720 (result: 0), SymType: '-nosymbols-', PDB: 'C:\Program Files\Unity\Hub\Editor\2022.3.18f1\Editor\SketchUpAPI.dll', fileVersion: 23.0.0.0
C:\Windows\SYSTEM32\VERSION.dll:VERSION.dll (00007FFD01570000), size: 40960 (result: 0), SymType: '-exported-', PDB: 'C:\Windows\SYSTEM32\VERSION.dll', fileVersion: 10.0.22621.1
C:\Windows\SYSTEM32\GLU32.dll:GLU32.dll (00007FFC3D2A0000), size: 184320 (result: 0), SymType: '-nosymbols-', PDB: 'C:\Windows\SYSTEM32\GLU32.dll', fileVersion: 10.0.22621.2506
C:\Windows\SYSTEM32\WSOCK32.dll:WSOCK32.dll (00007FFCDB420000), size: 36864 (result: 0), SymType: '-nosymbols-', PDB: 'C:\Windows\SYSTEM32\WSOCK32.dll', fileVersion: 10.0.22621.1
C:\Windows\SYSTEM32\dwmapi.dll:dwmapi.dll (00007FFCFFDF0000), size: 176128 (result: 0), SymType: '-nosymbols-', PDB: 'C:\Windows\SYSTEM32\dwmapi.dll', fileVersion: 10.0.22621.5697
C:\Windows\SYSTEM32\VCRUNTIME140_1.dll:VCRUNTIME140_1.dll (00007FFCF3E50000), size: 49152 (result: 0), SymType: '-nosymbols-', PDB: 'C:\Windows\SYSTEM32\VCRUNTIME140_1.dll', fileVersion: 14.44.35211.0
C:\Program Files\Unity\Hub\Editor\2022.3.18f1\Editor\SketchUpCommonPreferences.dll:SketchUpCommonPreferences.dll (00007FFCE0280000), size: 499712 (result: 0), SymType: '-nosymbols-', PDB: 'C:\Program Files\Unity\Hub\Editor\2022.3.18f1\Editor\SketchUpCommonPreferences.dll', fileVersion: 23.0.0.0
C:\Windows\SYSTEM32\Secur32.dll:Secur32.dll (00007FFD01780000), size: 49152 (result: 0), SymType: '-nosymbols-', PDB: 'C:\Windows\SYSTEM32\Secur32.dll', fileVersion: 10.0.22621.1
C:\Windows\SYSTEM32\dxcore.dll:dxcore.dll (00007FFCFFC80000), size: 225280 (result: 0), SymType: '-nosymbols-', PDB: 'C:\Windows\SYSTEM32\dxcore.dll', fileVersion: 10.0.22621.5415
C:\Windows\SYSTEM32\SSPICLI.DLL:SSPICLI.DLL (00007FFD01D20000), size: 274432 (result: 0), SymType: '-nosymbols-', PDB: 'C:\Windows\SYSTEM32\SSPICLI.DLL', fileVersion: 10.0.22621.5909
C:\Program Files\Unity\Hub\Editor\2022.3.18f1\Editor\OpenRL.dll:OpenRL.dll (000001C87E490000), size: 12779520 (result: 0), SymType: '-nosymbols-', PDB: 'C:\Program Files\Unity\Hub\Editor\2022.3.18f1\Editor\OpenRL.dll', fileVersion: 1.5.0.2907
C:\Windows\SYSTEM32\MSVCP100.dll:MSVCP100.dll (000000005E910000), size: 622592 (result: 0), SymType: '-nosymbols-', PDB: 'C:\Windows\SYSTEM32\MSVCP100.dll', fileVersion: 10.0.40219.325
C:\Windows\SYSTEM32\MSVCR100.dll:MSVCR100.dll (000000005E9B0000), size: 860160 (result: 0), SymType: '-exported-', PDB: 'C:\Windows\SYSTEM32\MSVCR100.dll', fileVersion: 10.0.40219.325
C:\Program Files\Unity\Hub\Editor\2022.3.18f1\Editor\embree.dll:embree.dll (00007FFC1C2F0000), size: 16711680 (result: 0), SymType: '-nosymbols-', PDB: 'C:\Program Files\Unity\Hub\Editor\2022.3.18f1\Editor\embree.dll', fileVersion: 2.14.0.0
C:\Windows\SYSTEM32\cfgmgr32.DLL:cfgmgr32.DLL (00007FFD026D0000), size: 319488 (result: 0), SymType: '-nosymbols-', PDB: 'C:\Windows\SYSTEM32\cfgmgr32.DLL', fileVersion: 10.0.22621.2506
C:\Program Files\Unity\Hub\Editor\2022.3.18f1\Editor\tbb.dll:tbb.dll (00007FFCFF600000), size: 413696 (result: 0), SymType: '-nosymbols-', PDB: 'C:\Program Files\Unity\Hub\Editor\2022.3.18f1\Editor\tbb.dll', fileVersion: 2017.0.2016.1004
C:\Windows\SYSTEM32\MSWSOCK.DLL:MSWSOCK.DLL (00007FFD01F80000), size: 430080 (result: 0), SymType: '-nosymbols-', PDB: 'C:\Windows\SYSTEM32\MSWSOCK.DLL', fileVersion: 10.0.22621.5413
C:\Windows\SYSTEM32\MSVCP120.dll:MSVCP120.dll (00007FFCD4310000), size: 679936 (result: 0), SymType: '-nosymbols-', PDB: 'C:\Windows\SYSTEM32\MSVCP120.dll', fileVersion: 12.0.40649.5
C:\Windows\SYSTEM32\MSVCR120.dll:MSVCR120.dll (00007FFCD7D90000), size: 978944 (result: 0), SymType: '-nosymbols-', PDB: 'C:\Windows\SYSTEM32\MSVCR120.dll', fileVersion: 12.0.40649.5
C:\Program Files\Unity\Hub\Editor\2022.3.18f1\Editor\OpenRL_pthread.dll:OpenRL_pthread.dll (000001C87F0E0000), size: 61440 (result: 0), SymType: '-nosymbols-', PDB: 'C:\Program Files\Unity\Hub\Editor\2022.3.18f1\Editor\OpenRL_pthread.dll', fileVersion: 2.9.0.0
C:\Windows\SYSTEM32\MSASN1.dll:MSASN1.dll (00007FFD02680000), size: 73728 (result: 0), SymType: '-nosymbols-', PDB: 'C:\Windows\SYSTEM32\MSASN1.dll', fileVersion: 10.0.22621.2506
C:\Windows\System32\bcryptprimitives.dll:bcryptprimitives.dll (00007FFD03250000), size: 503808 (result: 0), SymType: '-nosymbols-', PDB: 'C:\Windows\System32\bcryptprimitives.dll', fileVersion: 10.0.22621.4317
C:\Windows\SYSTEM32\kernel.appcore.dll:kernel.appcore.dll (00007FFD01990000), size: 98304 (result: 0), SymType: '-nosymbols-', PDB: 'C:\Windows\SYSTEM32\kernel.appcore.dll', fileVersion: 10.0.22621.3958
C:\Windows\system32\uxtheme.dll:uxtheme.dll (00007FFCFFB80000), size: 733184 (result: 0), SymType: '-nosymbols-', PDB: 'C:\Windows\system32\uxtheme.dll', fileVersion: 10.0.22621.5983
C:\Windows\SYSTEM32\windows.storage.dll:windows.storage.dll (00007FFD00470000), size: 9543680 (result: 0), SymType: '-nosymbols-', PDB: 'C:\Windows\SYSTEM32\windows.storage.dll', fileVersion: 10.0.22621.6345
C:\Windows\System32\SHCORE.dll:SHCORE.dll (00007FFD03BB0000), size: 1064960 (result: 0), SymType: '-nosymbols-', PDB: 'C:\Windows\System32\SHCORE.dll', fileVersion: 10.0.22621.6345
C:\Windows\SYSTEM32\profapi.dll:profapi.dll (00007FFD02A00000), size: 151552 (result: 0), SymType: '-nosymbols-', PDB: 'C:\Windows\SYSTEM32\profapi.dll', fileVersion: 10.0.22621.5840
C:\Windows\system32\IconCodecService.dll:IconCodecService.dll (00007FFCFCA10000), size: 36864 (result: 0), SymType: '-nosymbols-', PDB: 'C:\Windows\system32\IconCodecService.dll', fileVersion: 10.0.22621.1
C:\Windows\SYSTEM32\WindowsCodecs.dll:WindowsCodecs.dll (00007FFCFF900000), size: 1777664 (result: 0), SymType: '-nosymbols-', PDB: 'C:\Windows\SYSTEM32\WindowsCodecs.dll', fileVersion: 10.0.22621.6133
C:\Windows\System32\clbcatq.dll:clbcatq.dll (00007FFD05760000), size: 720896 (result: 0), SymType: '-nosymbols-', PDB: 'C:\Windows\System32\clbcatq.dll', fileVersion: 2001.12.10941.16384
C:\Windows\System32\netprofm.dll:netprofm.dll (00007FFCFEF40000), size: 491520 (result: 0), SymType: '-nosymbols-', PDB: 'C:\Windows\System32\netprofm.dll', fileVersion: 10.0.22621.3527
C:\Windows\System32\npmproxy.dll:npmproxy.dll (00007FFCF8F20000), size: 98304 (result: 0), SymType: '-nosymbols-', PDB: 'C:\Windows\System32\npmproxy.dll', fileVersion: 10.0.22621.3527
C:\Windows\System32\NSI.dll:NSI.dll (00007FFD05750000), size: 36864 (result: 0), SymType: '-nosymbols-', PDB: 'C:\Windows\System32\NSI.dll', fileVersion: 10.0.22621.4746
C:\Windows\SYSTEM32\dhcpcsvc6.DLL:dhcpcsvc6.DLL (00007FFCFCC70000), size: 102400 (result: 0), SymType: '-nosymbols-', PDB: 'C:\Windows\SYSTEM32\dhcpcsvc6.DLL', fileVersion: 10.0.22621.2506
C:\Windows\SYSTEM32\dhcpcsvc.DLL:dhcpcsvc.DLL (00007FFCFAAF0000), size: 126976 (result: 0), SymType: '-nosymbols-', PDB: 'C:\Windows\SYSTEM32\dhcpcsvc.DLL', fileVersion: 10.0.22621.2506
C:\Windows\SYSTEM32\DNSAPI.dll:DNSAPI.dll (00007FFD01010000), size: 1015808 (result: 0), SymType: '-nosymbols-', PDB: 'C:\Windows\SYSTEM32\DNSAPI.dll', fileVersion: 10.0.22621.5262
C:\Windows\system32\napinsp.dll:napinsp.dll (00007FFCD1E60000), size: 94208 (result: 0), SymType: '-nosymbols-', PDB: 'C:\Windows\system32\napinsp.dll', fileVersion: 10.0.22621.1
C:\Windows\system32\pnrpnsp.dll:pnrpnsp.dll (00007FFCD1C20000), size: 110592 (result: 0), SymType: '-nosymbols-', PDB: 'C:\Windows\system32\pnrpnsp.dll', fileVersion: 10.0.22621.1
C:\Windows\System32\winrnr.dll:winrnr.dll (00007FFCD1C00000), size: 69632 (result: 0), SymType: '-nosymbols-', PDB: 'C:\Windows\System32\winrnr.dll', fileVersion: 10.0.22621.1
C:\Windows\system32\wshbth.dll:wshbth.dll (00007FFCF90D0000), size: 86016 (result: 0), SymType: '-nosymbols-', PDB: 'C:\Windows\system32\wshbth.dll', fileVersion: 10.0.22621.5840
C:\Windows\system32\nlansp_c.dll:nlansp_c.dll (00007FFCD1C40000), size: 135168 (result: 0), SymType: '-nosymbols-', PDB: 'C:\Windows\system32\nlansp_c.dll', fileVersion: 10.0.22621.5331
C:\Windows\System32\fwpuclnt.dll:fwpuclnt.dll (00007FFCF8FC0000), size: 540672 (result: 0), SymType: '-nosymbols-', PDB: 'C:\Windows\System32\fwpuclnt.dll', fileVersion: 10.0.22621.6274
C:\Windows\System32\rasadhlp.dll:rasadhlp.dll (00007FFCEC1A0000), size: 40960 (result: 0), SymType: '-nosymbols-', PDB: 'C:\Windows\System32\rasadhlp.dll', fileVersion: 10.0.22621.6199
C:\Program Files\Unity\Hub\Editor\2022.3.18f1\Editor\NVUnityPlugin.DLL:NVUnityPlugin.DLL (00007FFC19C50000), size: 1519616 (result: 0), SymType: '-nosymbols-', PDB: 'C:\Program Files\Unity\Hub\Editor\2022.3.18f1\Editor\NVUnityPlugin.DLL'
C:\Program Files\Unity\Hub\Editor\2022.3.18f1\Editor\Data\Tools\astcenc-avx2.dll:astcenc-avx2.dll (00007FFC19BC0000), size: 540672 (result: 0), SymType: '-nosymbols-', PDB: 'C:\Program Files\Unity\Hub\Editor\2022.3.18f1\Editor\Data\Tools\astcenc-avx2.dll'
C:\Windows\System32\MMDevApi.dll:MMDevApi.dll (00007FFCEEAC0000), size: 638976 (result: 0), SymType: '-nosymbols-', PDB: 'C:\Windows\System32\MMDevApi.dll', fileVersion: 10.0.22621.5547
C:\Windows\System32\DEVOBJ.dll:DEVOBJ.dll (00007FFD026A0000), size: 180224 (result: 0), SymType: '-nosymbols-', PDB: 'C:\Windows\System32\DEVOBJ.dll', fileVersion: 10.0.22621.2506
C:\Windows\SYSTEM32\dbghelp.dll:dbghelp.dll (00007FFCF9270000), size: 2306048 (result: 0), SymType: '-nosymbols-', PDB: 'C:\Windows\SYSTEM32\dbghelp.dll', fileVersion: 10.0.22621.5471
  ERROR: SymGetSymFromAddr64, GetLastError: 'Yritettiin käyttää osoitetta, joka ei kelpaa.' (Address: 00007FF616FF8528)
0x00007FF616FF8528 (Unity) (function-name not available)
  ERROR: SymGetSymFromAddr64, GetLastError: 'Yritettiin käyttää osoitetta, joka ei kelpaa.' (Address: 00007FF616FF8641)
0x00007FF616FF8641 (Unity) (function-name not available)
  ERROR: SymGetSymFromAddr64, GetLastError: 'Yritettiin käyttää osoitetta, joka ei kelpaa.' (Address: 00007FF617007D4A)
0x00007FF617007D4A (Unity) (function-name not available)
0x00007FF619424858 (Unity) udnSetPath
0x00007FF6194EBE18 (Unity) udnSetPath
0x00007FF6193EE1F0 (Unity) udnSetPath
0x00007FFD05A55EDF (ntdll) _chkstk
0x00007FFD059CE8C6 (ntdll) RtlFindCharInUnicodeString
0x00007FFD05A54EDE (ntdll) KiUserExceptionDispatcher
  ERROR: SymGetSymFromAddr64, GetLastError: 'Yritettiin käyttää osoitetta, joka ei kelpaa.' (Address: 00007FF616810540)
0x00007FF616810540 (Unity) (function-name not available)
  ERROR: SymGetSymFromAddr64, GetLastError: 'Yritettiin käyttää osoitetta, joka ei kelpaa.' (Address: 00007FF61680F018)
0x00007FF61680F018 (Unity) (function-name not available)
  ERROR: SymGetSymFromAddr64, GetLastError: 'Yritettiin käyttää osoitetta, joka ei kelpaa.' (Address: 00007FF61681DC5C)
0x00007FF61681DC5C (Unity) (function-name not available)
  ERROR: SymGetSymFromAddr64, GetLastError: 'Yritettiin käyttää osoitetta, joka ei kelpaa.' (Address: 00007FF61680F731)
0x00007FF61680F731 (Unity) (function-name not available)
  ERROR: SymGetSymFromAddr64, GetLastError: 'Yritettiin käyttää osoitetta, joka ei kelpaa.' (Address: 00007FF616819C1E)
0x00007FF616819C1E (Unity) (function-name not available)
  ERROR: SymGetSymFromAddr64, GetLastError: 'Yritettiin käyttää osoitetta, joka ei kelpaa.' (Address: 00007FF616846DAF)
0x00007FF616846DAF (Unity) (function-name not available)
  ERROR: SymGetSymFromAddr64, GetLastError: 'Yritettiin käyttää osoitetta, joka ei kelpaa.' (Address: 00007FF617E6A87F)
0x00007FF617E6A87F (Unity) (function-name not available)
  ERROR: SymGetSymFromAddr64, GetLastError: 'Yritettiin käyttää osoitetta, joka ei kelpaa.' (Address: 00007FF617E6A944)
0x00007FF617E6A944 (Unity) (function-name not available)
  ERROR: SymGetSymFromAddr64, GetLastError: 'Yritettiin käyttää osoitetta, joka ei kelpaa.' (Address: 00007FF617E6FBBC)
0x00007FF617E6FBBC (Unity) (function-name not available)
  ERROR: SymGetSymFromAddr64, GetLastError: 'Yritettiin käyttää osoitetta, joka ei kelpaa.' (Address: 00007FF6168442DD)
0x00007FF6168442DD (Unity) (function-name not available)
  ERROR: SymGetSymFromAddr64, GetLastError: 'Yritettiin käyttää osoitetta, joka ei kelpaa.' (Address: 00007FF616FBB768)
0x00007FF616FBB768 (Unity) (function-name not available)
  ERROR: SymGetSymFromAddr64, GetLastError: 'Yritettiin käyttää osoitetta, joka ei kelpaa.' (Address: 00007FF616FB18E6)
0x00007FF616FB18E6 (Unity) (function-name not available)
  ERROR: SymGetSymFromAddr64, GetLastError: 'Yritettiin käyttää osoitetta, joka ei kelpaa.' (Address: 00007FF616FBBBF9)
0x00007FF616FBBBF9 (Unity) (function-name not available)
  ERROR: SymGetSymFromAddr64, GetLastError: 'Yritettiin käyttää osoitetta, joka ei kelpaa.' (Address: 00007FF616FBC3D1)
0x00007FF616FBC3D1 (Unity) (function-name not available)
  ERROR: SymGetSymFromAddr64, GetLastError: 'Yritettiin käyttää osoitetta, joka ei kelpaa.' (Address: 00007FF616FBC18C)
0x00007FF616FBC18C (Unity) (function-name not available)
  ERROR: SymGetSymFromAddr64, GetLastError: 'Yritettiin käyttää osoitetta, joka ei kelpaa.' (Address: 00007FF6160FB0DB)
0x00007FF6160FB0DB (Unity) (function-name not available)
0x00007FF6182B701B (Unity) udnSetPath
0x00007FF6183512BA (Unity) udnSetPath
0x00007FF6182CEC55 (Unity) udnSetPath
  ERROR: SymGetSymFromAddr64, GetLastError: 'Yritettiin käyttää osoitetta, joka ei kelpaa.' (Address: 00007FF617B61880)
0x00007FF617B61880 (Unity) (function-name not available)
  ERROR: SymGetSymFromAddr64, GetLastError: 'Yritettiin käyttää osoitetta, joka ei kelpaa.' (Address: 00007FF617FEBE95)
0x00007FF617FEBE95 (Unity) (function-name not available)
0x00007FF6193CBB6E (Unity) udnSetPath
0x00007FFD04BA259D (KERNEL32) BaseThreadInitThunk
0x00007FFD05A0AF78 (ntdll) RtlUserThreadStart

========== END OF STACKTRACE ===========

A crash has been intercepted by the crash handler. For call stack and other details, see the latest crash report generated in:
 * C:/Users/gr289381/AppData/Local/Temp/Unity/Editor/Crashes
